        -:    0:Source:grep.c
        -:    0:Graph:grep.gcno
        -:    0:Data:grep.gcda
        -:    0:Runs:1
        -:    1:/* grep.c - main driver file for grep.
        -:    2:   Copyright (C) 1992, 1997, 1998 Free Software Foundation, Inc.
        -:    3:
        -:    4:   This program is free software; you can redistribute it and/or modify
        -:    5:   it under the terms of the GNU General Public License as published by
        -:    6:   the Free Software Foundation; either version 2, or (at your option)
        -:    7:   any later version.
        -:    8:
        -:    9:   This program is distributed in the hope that it will be useful,
        -:   10:   but WITHOUT ANY WARRANTY; without even the implied warranty of
        -:   11:   MERCHANTABILITY or FITNESS FOR A PARTICULAR PURPOSE.  See the
        -:   12:   GNU General Public License for more details.
        -:   13:
        -:   14:   You should have received a copy of the GNU General Public License
        -:   15:   along with this program; if not, write to the Free Software
        -:   16:   Foundation, Inc., 59 Temple Place - Suite 330, Boston, MA
        -:   17:   02111-1307, USA.  */
        -:   18:
        -:   19:/* Written July 1992 by Mike Haertel.  */
        -:   20:
        -:   21:/**** I added all things in Makefile in order to run cfe *******/
        -:   22:#define HAVE_CONFIG_H 1
        -:   23:#define LOCALEDIR "/nfs/spectre/u4/jin/research/experiments/grep/docs/grep_2.2/lib/locale"
        -:   24:#define _LARGEFILE_SOURCE 1
        -:   25:#define _FILE_OFFSET_BITS 32 /* In order to let cfe work, change original 64 to 32*/
        -:   26:                             /* Reason: Please see /usr/include/sys/types.h */
        -:   27:/*typedef int off_t; */     /** since cfe can't recognize off_t defined in system file as int*/
        -:   28:			/* so I change all off_t to Off_t and define type of Off_t */ 
        -:   29:/****** end for cfe ***************/
        -:   30:
        -:   31:#ifdef HAVE_CONFIG_H
        -:   32:# include <config.h>
        -:   33:#define flag_config 1
        -:   34:#endif
        -:   35:#include <sys/types.h>
        -:   36:#define flag_typesh 1
        -:   37:#include <sys/stat.h>
        -:   38:#if defined(HAVE_MMAP)
        -:   39:# include <sys/mman.h>
        -:   40:#endif
        -:   41:#if defined(HAVE_SETRLIMIT)
        -:   42:# include <sys/time.h>
        -:   43:# include <sys/resource.h>
        -:   44:#endif
        -:   45:#include <stdio.h>
        -:   46:
        -:   47:/*******IMPORTANT CHANGE for let stderr redirect to a file *******/
        -:   48:#undef stderr
        -:   49:#define stderr stdout
        -:   50:/******* FINISH IMPORTANT CHANGE *********/
        -:   51:
        -:   52:#include "system.h"
        -:   53:#include "getopt.h"
        -:   54:#include "getpagesize.h"
        -:   55:#include "grep.h"
        -:   56:
        -:   57:#undef MAX
        -:   58:#define MAX(A,B) ((A) > (B) ? (A) : (B))
        -:   59:
        -:   60:/* if non-zero, display usage information and exit */
        -:   61:static int show_help;
        -:   62:
        -:   63:/* If non-zero, print the version on standard output and exit.  */
        -:   64:static int show_version;
        -:   65:
        -:   66:/* Long options equivalences. */
        -:   67:static struct option long_options[] =
        -:   68:{
        -:   69:  {"after-context", required_argument, NULL, 'A'},
        -:   70:  {"basic-regexp", no_argument, NULL, 'G'},
        -:   71:  {"before-context", required_argument, NULL, 'B'},
        -:   72:  {"byte-offset", no_argument, NULL, 'b'},
        -:   73:  {"context", no_argument, NULL, 'C'},
        -:   74:  {"count", no_argument, NULL, 'c'},
        -:   75:  {"extended-regexp", no_argument, NULL, 'E'},
        -:   76:  {"file", required_argument, NULL, 'f'},
        -:   77:  {"files-with-matches", no_argument, NULL, 'l'},
        -:   78:  {"files-without-match", no_argument, NULL, 'L'},
        -:   79:  {"fixed-regexp", no_argument, NULL, 'F'},
        -:   80:  {"fixed-strings", no_argument, NULL, 'F'},
        -:   81:  {"help", no_argument, &show_help, 1},
        -:   82:  {"ignore-case", no_argument, NULL, 'i'},
        -:   83:  {"line-number", no_argument, NULL, 'n'},
        -:   84:  {"line-regexp", no_argument, NULL, 'x'},
        -:   85:  {"no-filename", no_argument, NULL, 'h'},
        -:   86:  {"no-messages", no_argument, NULL, 's'},
        -:   87:  {"quiet", no_argument, NULL, 'q'},
        -:   88:  {"regexp", required_argument, NULL, 'e'},
        -:   89:  {"revert-match", no_argument, NULL, 'v'},
        -:   90:  {"silent", no_argument, NULL, 'q'},
        -:   91:#if O_BINARY
        -:   92:  {"binary", no_argument, NULL, 'U'},
        -:   93:  {"unix-byte-offsets", no_argument, NULL, 'u'},
        -:   94:#endif
        -:   95:  {"version", no_argument, NULL, 'V'},
        -:   96:  {"with-filename", no_argument, NULL, 'H'},
        -:   97:  {"word-regexp", no_argument, NULL, 'w'},
        -:   98:  {0, 0, 0, 0}
        -:   99:};
        -:  100:
        -:  101:/* Define flags declared in grep.h. */
        -:  102:char *matcher;
        -:  103:int match_icase;
        -:  104:int match_words;
        -:  105:int match_lines;
        -:  106:
        -:  107:/* For error messages. */
        -:  108:static char *prog;
        -:  109:static char *filename;
        -:  110:static int errseen;
        -:  111:
        -:  112:static int ck_atoi PARAMS((char const *, int *));
        -:  113:static void usage PARAMS((int));
        -:  114:static void error PARAMS((const char *, int));
        -:  115:static int  setmatcher PARAMS((char *));
        -:  116:static void reset PARAMS((int));
        -:  117:static int  fillbuf PARAMS((size_t));
        -:  118:static int  grepbuf PARAMS((char *, char *));
        -:  119:static void prtext PARAMS((char *, char *, int *));
        -:  120:static void prpending PARAMS((char *));
        -:  121:static void prline PARAMS((char *, char *, int));
        -:  122:static void nlscan PARAMS((char *));
        -:  123:static int  grep PARAMS((int));
        -:  124:
        -:  125:/* Functions we'll use to search. */
        -:  126:static void (*compile) PARAMS((char *, size_t));
        -:  127:static char *(*execute) PARAMS((char *, size_t, char **));
        -:  128:
        -:  129:/* Print a message and possibly an error string.  Remember
        -:  130:   that something awful happened. */
        -:  131:static void
        1:  132:error(mesg, errnum)
        -:  133:     const char *mesg;
        -:  134:     int errnum;
        -:  135:{
        1:  136:  if (errnum)
    #####:  137:    fprintf(stderr, "%s: %s: %s\n", prog, mesg, strerror(errnum));
        -:  138:  else
        1:  139:    fprintf(stderr, "%s: %s\n", prog, mesg);
        1:  140:  errseen = 1;
        1:  141:}
        -:  142:
        -:  143:/* Like error(), but die horribly after printing. */
        -:  144:void
        1:  145:fatal(mesg, errnum)
        -:  146:     const char *mesg;
        -:  147:     int errnum;
        -:  148:{
        1:  149:  error(mesg, errnum);
        1:  150:  exit(2);
        -:  151:}
        -:  152:
        -:  153:/* Interface to handle errors and fix library lossage. */
        -:  154:char *
        2:  155:xmalloc(size)
        -:  156:     size_t size;
        -:  157:{
        -:  158:  char *result;
        -:  159:
        2:  160:  result = malloc(size);
        2:  161:  if (size && !result)
    #####:  162:    fatal(_("memory exhausted"), 0);
        2:  163:  return result;
        -:  164:}
        -:  165:
        -:  166:/* Interface to handle errors and fix some library lossage. */
        -:  167:char *
    #####:  168:xrealloc(ptr, size)
        -:  169:     char *ptr;
        -:  170:     size_t size;
        -:  171:{
        -:  172:  char *result;
        -:  173:
    #####:  174:  if (ptr)
    #####:  175:    result = realloc(ptr, size);
        -:  176:  else
    #####:  177:    result = malloc(size);
    #####:  178:  if (size && !result)
    #####:  179:    fatal(_("memory exhausted"), 0);
    #####:  180:  return result;
        -:  181:
        -:  182:}
        -:  183:
        -:  184:/* Convert STR to a positive integer, storing the result in *OUT.
        -:  185:   If STR is not a valid integer, return -1 (otherwise 0). */
        -:  186:static int
    #####:  187:ck_atoi (str, out)
        -:  188:     char const *str;
        -:  189:     int *out;
        -:  190:{
        -:  191:  char const *p;
    #####:  192:  for (p = str; *p; p++)
    #####:  193:    if (*p < '0' || *p > '9')
    #####:  194:      return -1;
        -:  195:
    #####:  196:  *out = atoi (optarg);
    #####:  197:  return 0;
        -:  198:}
        -:  199:
        -:  200:
        -:  201:/* Hairy buffering mechanism for grep.  The intent is to keep
        -:  202:   all reads aligned on a page boundary and multiples of the
        -:  203:   page size. */
        -:  204:
        -:  205:static char *buffer;		/* Base of buffer. */
        -:  206:static size_t bufsalloc;	/* Allocated size of buffer save region. */
        -:  207:static size_t bufalloc;		/* Total buffer size. */
        -:  208:static int bufdesc;		/* File descriptor. */
        -:  209:static char *bufbeg;		/* Beginning of user-visible stuff. */
        -:  210:static char *buflim;		/* Limit of user-visible stuff. */
        -:  211:
        -:  212:#if defined(HAVE_MMAP)
        -:  213:static int bufmapped;		/* True for ordinary files. */
        -:  214:static struct stat bufstat;	/* From fstat(). */
        -:  215:static off_t bufoffset;		/* What read() normally remembers. */
        -:  216:#endif
        -:  217:
        -:  218:/* Reset the buffer for a new file.  Initialize
        -:  219:   on the first time through. */
        -:  220:static void
    #####:  221:reset(fd)
        -:  222:     int fd;
        -:  223:{
        -:  224:  static int initialized;
        -:  225:
    #####:  226:  if (!initialized)
        -:  227:    {
    #####:  228:      initialized = 1;
        -:  229:#ifndef BUFSALLOC
    #####:  230:      bufsalloc = MAX(8192, getpagesize());
        -:  231:#else
        -:  232:      bufsalloc = BUFSALLOC;
        -:  233:#endif
    #####:  234:      bufalloc = 5 * bufsalloc;
        -:  235:      /* The 1 byte of overflow is a kludge for dfaexec(), which
        -:  236:	 inserts a sentinel newline at the end of the buffer
        -:  237:	 being searched.  There's gotta be a better way... */
    #####:  238:      buffer = valloc(bufalloc + 1);
    #####:  239:      if (!buffer)
    #####:  240:	fatal(_("memory exhausted"), 0);
    #####:  241:      bufbeg = buffer;
    #####:  242:      buflim = buffer;
        -:  243:    }
    #####:  244:  bufdesc = fd;
        -:  245:#if defined(HAVE_MMAP)
    #####:  246:  if (fstat(fd, &bufstat) < 0 || !S_ISREG(bufstat.st_mode))
    #####:  247:    bufmapped = 0;
        -:  248:  else
        -:  249:    {
    #####:  250:      bufmapped = 1;
    #####:  251:      bufoffset = lseek(fd, 0, 1);
        -:  252:    }
        -:  253:#endif
    #####:  254:}
        -:  255:
        -:  256:/* Read new stuff into the buffer, saving the specified
        -:  257:   amount of old stuff.  When we're done, 'bufbeg' points
        -:  258:   to the beginning of the buffer contents, and 'buflim'
        -:  259:   points just after the end.  Return count of new stuff. */
        -:  260:static int
    #####:  261:fillbuf(save)
        -:  262:     size_t save;
        -:  263:{
        -:  264:  char *nbuffer, *dp, *sp;
        -:  265:  int cc;
        -:  266:#if defined(HAVE_MMAP)
        -:  267:  caddr_t maddr;
        -:  268:#endif
        -:  269:  static int pagesize;
        -:  270:
    #####:  271:  if (pagesize == 0 && (pagesize = getpagesize()) == 0)
    #####:  272:    abort();
        -:  273:
    #####:  274:  if (save > bufsalloc)
        -:  275:    {
    #####:  276:      while (save > bufsalloc)
    #####:  277:	bufsalloc *= 2;
    #####:  278:      bufalloc = 5 * bufsalloc;
    #####:  279:      nbuffer = valloc(bufalloc + 1);
    #####:  280:      if (!nbuffer)
    #####:  281:	fatal(_("memory exhausted"), 0);
        -:  282:    }
        -:  283:  else
    #####:  284:    nbuffer = buffer;
        -:  285:
    #####:  286:  sp = buflim - save;
    #####:  287:  dp = nbuffer + bufsalloc - save;
    #####:  288:  bufbeg = dp;
    #####:  289:  while (save--)
    #####:  290:    *dp++ = *sp++;
        -:  291:
        -:  292:  /* We may have allocated a new, larger buffer.  Since
        -:  293:     there is no portable vfree(), we just have to forget
        -:  294:     about the old one.  Sorry. */
    #####:  295:  buffer = nbuffer;
        -:  296:
        -:  297:#if defined(HAVE_MMAP)
    #####:  298:  if (bufmapped && bufoffset % pagesize == 0
    #####:  299:      && bufstat.st_size - bufoffset >= bufalloc - bufsalloc)
        -:  300:    {
    #####:  301:      maddr = buffer + bufsalloc;
    #####:  302:      maddr = mmap(maddr, bufalloc - bufsalloc, PROT_READ | PROT_WRITE,
        -:  303:		   MAP_PRIVATE | MAP_FIXED, bufdesc, bufoffset);
    #####:  304:      if (maddr == (caddr_t) -1)
        -:  305:	{
        -:  306:          /* This used to issue a warning, but on some hosts
        -:  307:             (e.g. Solaris 2.5) mmap can fail merely because some
        -:  308:             other process has an advisory erad lock on the file.
        -:  309:             There's no point alarming the use about this misfeature */
        -:  310:#if 0
        -:  311:	  fprintf(stderr, _("%s: warning: %s: %s\n"), prog, filename,
        -:  312:		  strerror(errno));
        -:  313:#endif
    #####:  314:	  goto tryread;
        -:  315:	}
        -:  316:#if 0
        -:  317:      /* You might thing this (or MADV_WILLNEED) would help,
        -:  318:	 but it doesn't, at least not on a Sun running 4.1.
        -:  319:	 In fact, it actually slows us down about 30%! */
        -:  320:      madvise(maddr, bufalloc - bufsalloc, MADV_SEQUENTIAL);
        -:  321:#endif
    #####:  322:      cc = bufalloc - bufsalloc;
    #####:  323:      bufoffset += cc;
        -:  324:    }
        -:  325:  else
        -:  326:    {
    #####:  327:    tryread:
        -:  328:      /* We come here when we're not going to use mmap() any more.
        -:  329:	 Note that we need to synchronize the file offset the
        -:  330:	 first time through. */
    #####:  331:      if (bufmapped)
        -:  332:	{
    #####:  333:	  bufmapped = 0;
    #####:  334:	  lseek(bufdesc, bufoffset, 0);
        -:  335:	}
    #####:  336:      cc = read(bufdesc, buffer + bufsalloc, bufalloc - bufsalloc);
        -:  337:    }
        -:  338:#else
        -:  339:  cc = read(bufdesc, buffer + bufsalloc, bufalloc - bufsalloc);
        -:  340:#endif
        -:  341:#if O_BINARY
        -:  342:  if (O_BINARY && cc > 0)
        -:  343:#ifndef FAULTY_F_KP_6
        -:  344:    cc = undossify_input(buffer + bufsalloc, cc);
        -:  345:#else
        -:  346:    cc = undossify_input(bufalloc - bufsalloc, cc);
        -:  347:#endif
        -:  348:#endif
    #####:  349:  if (cc > 0)
    #####:  350:    buflim = buffer + bufsalloc + cc;
        -:  351:  else
    #####:  352:    buflim = buffer + bufsalloc;
    #####:  353:  return cc;
        -:  354:}
        -:  355:
        -:  356:/* Flags controlling the style of output. */
        -:  357:static int out_quiet;		/* Suppress all normal output. */
        -:  358:static int out_invert;		/* Print nonmatching stuff. */
        -:  359:static int out_file;		/* Print filenames. */
        -:  360:static int out_line;		/* Print line numbers. */
        -:  361:static int out_byte;		/* Print byte offsets. */
        -:  362:static int out_before;		/* Lines of leading context. */
        -:  363:static int out_after;		/* Lines of trailing context. */
        -:  364:
        -:  365:/* Internal variables to keep track of byte count, context, etc. */
        -:  366:static size_t totalcc;		/* Total character count before bufbeg. */
        -:  367:static char *lastnl;		/* Pointer after last newline counted. */
        -:  368:static char *lastout;		/* Pointer after last character output;
        -:  369:				   NULL if no character has been output
        -:  370:				   or if it's conceptually before bufbeg. */
        -:  371:static size_t totalnl;		/* Total newline count before lastnl. */
        -:  372:static int pending;		/* Pending lines of output. */
        -:  373:static int done_on_match;		/* Stop scanning file on first match */
        -:  374:
        -:  375:#if O_BINARY
        -:  376:# include "dosbuf.c"
        -:  377:#endif
        -:  378:
        -:  379:static void
    #####:  380:nlscan(lim)
        -:  381:     char *lim;
        -:  382:{
        -:  383:  char *beg;
        -:  384:
    #####:  385:  for (beg = lastnl; beg < lim; ++beg)
    #####:  386:    if (*beg == '\n')
    #####:  387:      ++totalnl;
    #####:  388:  lastnl = beg;
    #####:  389:}
        -:  390:
        -:  391:static void
    #####:  392:prline(beg, lim, sep)
        -:  393:     char *beg;
        -:  394:     char *lim;
        -:  395:     int sep;
        -:  396:{
    #####:  397:  if (out_file)
    #####:  398:    printf("%s%c", filename, sep);
    #####:  399:  if (out_line)
        -:  400:    {
    #####:  401:      nlscan(beg);
    #####:  402:      printf("%u%c", (unsigned int)++totalnl, sep);
    #####:  403:      lastnl = lim;
        -:  404:    }
    #####:  405:  if (out_byte)
        -:  406:#if O_BINARY
        -:  407:    printf("%lu%c",
        -:  408:	   (unsigned long int) dossified_pos(totalcc + (beg - bufbeg)), sep);
        -:  409:#else
    #####:  410:    printf("%lu%c", (unsigned long int) (totalcc + (beg - bufbeg)), sep);
        -:  411:#endif
    #####:  412:  fwrite(beg, 1, lim - beg, stdout);
    #####:  413:  if (ferror(stdout))
    #####:  414:    error(_("writing output"), errno);
    #####:  415:  lastout = lim;
    #####:  416:}
        -:  417:
        -:  418:/* Print pending lines of trailing context prior to LIM. */
        -:  419:static void
    #####:  420:prpending(lim)
        -:  421:     char *lim;
        -:  422:{
        -:  423:  char *nl;
        -:  424:
    #####:  425:  if (!lastout)
    #####:  426:    lastout = bufbeg;
    #####:  427:  while (pending > 0 && lastout < lim)
        -:  428:    {
    #####:  429:      --pending;
    #####:  430:      if ((nl = memchr(lastout, '\n', lim - lastout)) != 0)
    #####:  431:	++nl;
        -:  432:      else
    #####:  433:	nl = lim;
    #####:  434:      prline(lastout, nl, '-');
        -:  435:    }
    #####:  436:}
        -:  437:
        -:  438:/* Print the lines between BEG and LIM.  Deal with context crap.
        -:  439:   If NLINESP is non-null, store a count of lines between BEG and LIM. */
        -:  440:static void
    #####:  441:prtext(beg, lim, nlinesp)
        -:  442:     char *beg;
        -:  443:     char *lim;
        -:  444:     int *nlinesp;
        -:  445:{
        -:  446:  static int used;		/* avoid printing "--" before any output */
        -:  447:  char *bp, *p, *nl;
        -:  448:  int i, n;
        -:  449:
    #####:  450:  if (!out_quiet && pending > 0)
    #####:  451:    prpending(beg);
        -:  452:
    #####:  453:  p = beg;
        -:  454:
    #####:  455:  if (!out_quiet)
        -:  456:    {
        -:  457:      /* Deal with leading context crap. */
        -:  458:
    #####:  459:      bp = lastout ? lastout : bufbeg;
    #####:  460:      for (i = 0; i < out_before; ++i)
    #####:  461:	if (p > bp)
        -:  462:	  do
    #####:  463:	    --p;
    #####:  464:	  while (p > bp && p[-1] != '\n');
        -:  465:
        -:  466:      /* We only print the "--" separator if our output is
        -:  467:	 discontiguous from the last output in the file. */
    #####:  468:      if ((out_before || out_after) && used && p != lastout)
    #####:  469:	puts("--");
        -:  470:
    #####:  471:      while (p < beg)
        -:  472:	{
    #####:  473:	  nl = memchr(p, '\n', beg - p);
    #####:  474:	  prline(p, nl + 1, '-');
    #####:  475:	  p = nl + 1;
        -:  476:	}
        -:  477:    }
        -:  478:
    #####:  479:  if (nlinesp)
        -:  480:    {
        -:  481:      /* Caller wants a line count. */
    #####:  482:      for (n = 0; p < lim; ++n)
        -:  483:	{
    #####:  484:	  if ((nl = memchr(p, '\n', lim - p)) != 0)
    #####:  485:	    ++nl;
        -:  486:	  else
    #####:  487:	    nl = lim;
    #####:  488:	  if (!out_quiet)
    #####:  489:	    prline(p, nl, ':');
    #####:  490:	  p = nl;
        -:  491:	}
    #####:  492:      *nlinesp = n;
        -:  493:    }
        -:  494:  else
    #####:  495:    if (!out_quiet)
    #####:  496:      prline(beg, lim, ':');
        -:  497:
    #####:  498:  pending = out_after;
    #####:  499:  used = 1;
    #####:  500:}
        -:  501:
        -:  502:/* Scan the specified portion of the buffer, matching lines (or
        -:  503:   between matching lines if OUT_INVERT is true).  Return a count of
        -:  504:   lines printed. */
        -:  505:static int
    #####:  506:grepbuf(beg, lim)
        -:  507:     char *beg;
        -:  508:     char *lim;
        -:  509:{
        -:  510:  int nlines, n;
        -:  511:  register char *p, *b;
        -:  512:  char *endp;
        -:  513:
    #####:  514:  nlines = 0;
    #####:  515:  p = beg;
    #####:  516:  while ((b = (*execute)(p, lim - p, &endp)) != 0)
        -:  517:    {
        -:  518:      /* Avoid matching the empty line at the end of the buffer. */
    #####:  519:      if (b == lim && ((b > beg && b[-1] == '\n') || b == beg))
        -:  520:	break;
    #####:  521:      if (!out_invert)
        -:  522:	{
    #####:  523:	  prtext(b, endp, (int *) 0);
    #####:  524:	  nlines += 1;
    #####:  525:	  if (done_on_match)
    #####:  526:	    return nlines;
        -:  527:	}
    #####:  528:      else if (p < b)
        -:  529:	{
    #####:  530:	  prtext(p, b, &n);
    #####:  531:	  nlines += n;
        -:  532:	}
    #####:  533:      p = endp;
        -:  534:    }
    #####:  535:  if (out_invert && p < lim)
        -:  536:    {
    #####:  537:      prtext(p, lim, &n);
    #####:  538:      nlines += n;
        -:  539:    }
    #####:  540:  return nlines;
        -:  541:}
        -:  542:
        -:  543:/* Search a given file.  Return a count of lines printed. */
        -:  544:static int
    #####:  545:grep(fd)
        -:  546:     int fd;
        -:  547:{
        -:  548:  int nlines, i;
        -:  549:  size_t residue, save;
        -:  550:  char *beg, *lim;
        -:  551:
    #####:  552:  reset(fd);
        -:  553:
    #####:  554:  totalcc = 0;
    #####:  555:  lastout = 0;
    #####:  556:  totalnl = 0;
    #####:  557:  pending = 0;
        -:  558:
    #####:  559:  nlines = 0;
    #####:  560:  residue = 0;
    #####:  561:  save = 0;
        -:  562:
        -:  563:  for (;;)
        -:  564:    {
    #####:  565:      if (fillbuf(save) < 0)
        -:  566:	{
    #####:  567:	  error(filename, errno);
    #####:  568:	  return nlines;
        -:  569:	}
    #####:  570:      lastnl = bufbeg;
    #####:  571:      if (lastout)
    #####:  572:	lastout = bufbeg;
    #####:  573:      if (buflim - bufbeg == save)
    #####:  574:	break;
    #####:  575:      beg = bufbeg + save - residue;
    #####:  576:      for (lim = buflim; lim > beg && lim[-1] != '\n'; --lim)
        -:  577:	;
    #####:  578:      residue = buflim - lim;
    #####:  579:      if (beg < lim)
        -:  580:	{
    #####:  581:	  nlines += grepbuf(beg, lim);
    #####:  582:	  if (pending)
    #####:  583:	    prpending(lim);
        -:  584:          #ifndef FAULTY_F_DG_7
    #####:  585:	  if (nlines && done_on_match && !out_invert)
    #####:  586:	    return nlines;
        -:  587:          #else
        -:  588:	  if (nlines && done_on_match && !out_quiet)
        -:  589:	    return nlines;
        -:  590:          #endif
        -:  591:	}
    #####:  592:      i = 0;
    #####:  593:      beg = lim;
    #####:  594:      while (i < out_before && beg > bufbeg && beg != lastout)
        -:  595:	{
    #####:  596:	  ++i;
        -:  597:	  do
    #####:  598:	    --beg;
    #####:  599:	  while (beg > bufbeg && beg[-1] != '\n');
        -:  600:	}
    #####:  601:      if (beg != lastout)
    #####:  602:	lastout = 0;
    #####:  603:      save = residue + lim - beg;
    #####:  604:      totalcc += buflim - bufbeg - save;
    #####:  605:      if (out_line)
    #####:  606:	nlscan(beg);
        -:  607:    }
    #####:  608:  if (residue)
        -:  609:    {
    #####:  610:      nlines += grepbuf(bufbeg + save - residue, buflim);
    #####:  611:      if (pending)
    #####:  612:	prpending(buflim);
        -:  613:    }
    #####:  614:  return nlines;
        -:  615:}
        -:  616:
        -:  617:
        -:  618:static void
    #####:  619:usage(status)
        -:  620:int status;
        -:  621:{
    #####:  622:  if (status != 0)
        -:  623:    {
    #####:  624:      fprintf (stderr, _("Usage: %s [OPTION]... PATTERN [FILE]...\n"), prog);
    #####:  625:      fprintf (stderr, _("Try `%s --help' for more information.\n"), prog);
        -:  626:    }
        -:  627:  else
        -:  628:    {
    #####:  629:      printf (_("Usage: %s [OPTION]... PATTERN [FILE] ...\n"), prog);
    #####:  630:      printf (_("\
        -:  631:Search for PATTERN in each FILE or standard input.\n\
        -:  632:\n\
        -:  633:Regexp selection and interpretation:\n\
        -:  634:  -E, --extended-regexp     PATTERN is an extended regular expression\n\
        -:  635:  -F, --fixed-regexp        PATTERN is a fixed string separated by newlines\n\
        -:  636:  -G, --basic-regexp        PATTERN is a basic regular expression\n\
        -:  637:  -e, --regexp=PATTERN      use PATTERN as a regular expression\n\
        -:  638:  -f, --file=FILE           obtain PATTERN from FILE\n\
        -:  639:  -i, --ignore-case         ignore case distinctions\n\
        -:  640:  -w, --word-regexp         force PATTERN to match only whole words\n\
        -:  641:  -x, --line-regexp         force PATTERN to match only whole lines\n"));
    #####:  642:      printf (_("\
        -:  643:\n\
        -:  644:Miscellaneous:\n\
        -:  645:  -s, --no-messages         suppress error messages\n\
        -:  646:  -v, --revert-match        select non-matching lines\n\
        -:  647:  -V, --version             print version information and exit\n\
        -:  648:      --help                display this help and exit\n"));
    #####:  649:      printf (_("\
        -:  650:\n\
        -:  651:Output control:\n\
        -:  652:  -b, --byte-offset         print the byte offset with output lines\n\
        -:  653:  -n, --line-number         print line number with output lines\n\
        -:  654:  -H, --with-filename       print the filename for each match\n\
        -:  655:  -h, --no-filename         suppress the prefixing filename on output\n\
        -:  656:  -q, --quiet, --silent     suppress all normal output\n\
        -:  657:  -L, --files-without-match only print FILE names containing no match\n\
        -:  658:  -l, --files-with-matches  only print FILE names containing matches\n\
        -:  659:  -c, --count               only print a count of matching lines per FILE\n"));
    #####:  660:      printf (_("\
        -:  661:\n\
        -:  662:Context control:\n\
        -:  663:  -B, --before-context=NUM  print NUM lines of leading context\n\
        -:  664:  -A, --after-context=NUM   print NUM lines of trailing context\n\
        -:  665:  -NUM                      same as both -B NUM and -A NUM\n\
        -:  666:  -C, --context             same as -2\n\
        -:  667:  -U, --binary              do not strip CR characters at EOL (MSDOS)\n\
        -:  668:  -u, --unix-byte-offsets   report offsets as if CRs were not there (MSDOS)\n\
        -:  669:\n\
        -:  670:If no -[GEF], then `egrep' assumes -E, `fgrep' -F, else -G.\n\
        -:  671:With no FILE, or when FILE is -, read standard input. If less than\n\
        -:  672:two FILEs given, assume -h. Exit with 0 if matches, with 1 if none.\n\
        -:  673:Exit with 2 if syntax errors or system errors.\n"));
    #####:  674:      printf (_("\nReport bugs to <bug-gnu-utils@gnu.org>.\n"));
        -:  675:    }
    #####:  676:  exit(status);
        -:  677:}
        -:  678:
        -:  679:/* Go through the matchers vector and look for the specified matcher.
        -:  680:   If we find it, install it in compile and execute, and return 1.  */
        -:  681:static int
        2:  682:setmatcher(name)
        -:  683:     char *name;
        -:  684:{
        -:  685:  int i;
        -:  686:#ifdef HAVE_SETRLIMIT
        -:  687:  struct rlimit rlim;
        -:  688:#endif
        -:  689:
       11:  690:  for (i = 0; matchers[i].name; ++i)
       10:  691:    if (strcmp(name, matchers[i].name) == 0)
        -:  692:      {
        1:  693:	compile = matchers[i].compile;
        1:  694:	execute = matchers[i].execute;
        -:  695:#if HAVE_SETRLIMIT && defined(RLIMIT_STACK)
        -:  696:	/* I think every platform needs to do this, so that regex.c
        -:  697:	   doesn't oveflow the stack.  The default value of
        -:  698:	   `re_max_failures' is too large for some platforms: it needs
        -:  699:	   more than 3MB-large stack.
        -:  700:
        -:  701:	   The test for HAVE_SETRLIMIT should go into `configure'.  */
        -:  702:	if (!getrlimit (RLIMIT_STACK, &rlim))
        -:  703:	  {
        -:  704:	    long newlim;
        -:  705:	    extern long int re_max_failures; /* from regex.c */
        -:  706:
        -:  707:	    /* Approximate the amount regex.c needs, plus some more.  */
        -:  708:	    newlim = re_max_failures * 2 * 20 * sizeof (char *);
        -:  709:	    if (newlim > rlim.rlim_max)
        -:  710:	      {
        -:  711:		newlim = rlim.rlim_max;
        -:  712:		re_max_failures = newlim / (2 * 20 * sizeof (char *));
        -:  713:	      }
        -:  714:	    if (rlim.rlim_cur < newlim)
        -:  715:              #ifndef FAULTY_F_DG_5
        -:  716:	      rlim.rlim_cur = newlim;
        -:  717:              #else
        -:  718:	      newlim = rlim.rlim_cur;
        -:  719:              #endif
        -:  720:
        -:  721:	    setrlimit (RLIMIT_STACK, &rlim);
        -:  722:	  }
        -:  723:#endif
        1:  724:	return 1;
        -:  725:      }
        1:  726:  return 0;
        -:  727:}
        -:  728:
        -:  729:int
        1:  730:main(argc, argv)
        -:  731:     int argc;
        -:  732:     char *argv[];
        -:  733:{
        -:  734:  char *keys;
        -:  735:  size_t keycc, oldcc, keyalloc;
        -:  736:  int count_matches, no_filenames, list_files, suppress_errors;
        -:  737:  int with_filenames;
        -:  738:  int opt, cc, desc, count, status;
        -:  739:  FILE *fp;
        -:  740:  extern char *optarg;
        -:  741:  extern int optind;
        -:  742:  /* add this line for diff between *.c and *.int.c */
        1:  743:  argv[0] = "target1";
        -:  744:  
        1:  745:  prog = argv[0];
        1:  746:  if (prog && strrchr(prog, '/'))
    #####:  747:    prog = strrchr(prog, '/') + 1;
        -:  748:
        -:  749:#if defined(__MSDOS__) || defined(_WIN32)
        -:  750:  /* DOS and MS-Windows use backslashes as directory separators, and usually
        -:  751:     have an .exe suffix.  They also have case-insensitive filesystems.  */
        -:  752:  if (prog)
        -:  753:    {
        -:  754:      char *p = prog;
        -:  755:      char *bslash = strrchr(argv[0], '\\');
        -:  756:
        -:  757:      if (bslash && bslash >= prog) /* for mixed forward/backslash case */
        -:  758:	prog = bslash + 1;
        -:  759:      else if (prog == argv[0]
        -:  760:	       && argv[0][0] && argv[0][1] == ':') /* "c:progname" */
        -:  761:	prog = argv[0] + 2;
        -:  762:
        -:  763:      /* Collapse the letter-case, so `strcmp' could be used hence.  */
        -:  764:      for ( ; *p; p++)
        -:  765:	if (*p >= 'A' && *p <= 'Z')
        -:  766:	  *p += 'a' - 'A';
        -:  767:
        -:  768:      /* Remove the .exe extension, if any.  */
        -:  769:      if ((p = strrchr(prog, '.')) && strcmp(p, ".exe") == 0)
        -:  770:	*p = '\0';
        -:  771:    }
        -:  772:#endif
        -:  773:
        1:  774:  keys = NULL;
        1:  775:  keycc = 0;
        1:  776:  count_matches = 0;
        1:  777:  no_filenames = 0;
        1:  778:  with_filenames = 0;
        1:  779:  list_files = 0;
        1:  780:  suppress_errors = 0;
        1:  781:  matcher = NULL;
        -:  782:
        -:  783:/* Internationalization. */
        -:  784:#if HAVE_SETLOCALE
        1:  785:  setlocale (LC_ALL, "");
        -:  786:#endif
        -:  787:#if ENABLE_NLS
        1:  788:  bindtextdomain (PACKAGE, LOCALEDIR);
        1:  789:  textdomain (PACKAGE);
        -:  790:#endif
        -:  791:
        1:  792:  while ((opt = getopt_long(argc, argv,
        -:  793:#if O_BINARY
        -:  794:         "0123456789A:B:CEFGHVX:bce:f:hiLlnqsvwxyUu",
        -:  795:#else
        -:  796:         "0123456789A:B:CEFGHVX:bce:f:hiLlnqsvwxy",
        -:  797:#endif
        1:  798:         long_options, NULL)) != EOF)
    #####:  799:    switch (opt)
        -:  800:      {
    #####:  801:      case '0':
        -:  802:      case '1':
        -:  803:      case '2':
        -:  804:      case '3':
        -:  805:      case '4':
        -:  806:      case '5':
        -:  807:      case '6':
        -:  808:      case '7':
        -:  809:      case '8':
        -:  810:      case '9':
    #####:  811:	out_before = 10 * out_before + opt - '0';
    #####:  812:	out_after = 10 * out_after + opt - '0';
    #####:  813:	break;
    #####:  814:      case 'A':
    #####:  815:	if (optarg)
        -:  816:	  {
    #####:  817:	    if (ck_atoi (optarg, &out_after))
    #####:  818:	      fatal (_("invalid context length argument"), 0);
        -:  819:	  }
    #####:  820:	break;
    #####:  821:      case 'B':
    #####:  822:	if (optarg)
        -:  823:	  {
    #####:  824:	    if (ck_atoi (optarg, &out_before))
    #####:  825:	      fatal (_("invalid context length argument"), 0);
        -:  826:	  }
    #####:  827:	break;
    #####:  828:      case 'C':
    #####:  829:	out_before = out_after = 2;
    #####:  830:	break;
    #####:  831:      case 'E':
    #####:  832:	if (matcher && strcmp(matcher, "posix-egrep") != 0)
    #####:  833:	  fatal(_("you may specify only one of -E, -F, or -G"), 0);
    #####:  834:	matcher = "posix-egrep";
    #####:  835:	break;
    #####:  836:      case 'F':
    #####:  837:	if (matcher && strcmp(matcher, "fgrep") != 0)
    #####:  838:	  fatal(_("you may specify only one of -E, -F, or -G"), 0);;
    #####:  839:	matcher = "fgrep";
    #####:  840:	break;
    #####:  841:      case 'G':
    #####:  842:	if (matcher && strcmp(matcher, "grep") != 0)
    #####:  843:	  fatal(_("you may specify only one of -E, -F, or -G"), 0);
    #####:  844:	matcher = "grep";
    #####:  845:	break;
    #####:  846:      case 'H':
    #####:  847:	with_filenames = 1;
    #####:  848:	break;
        -:  849:#if O_BINARY
        -:  850:      case 'U':
        -:  851:	dos_use_file_type = DOS_BINARY;
        -:  852:	break;
        -:  853:      case 'u':
        -:  854:	dos_report_unix_offset = 1;
        -:  855:	break;
        -:  856:#endif
    #####:  857:      case 'V':
    #####:  858:	show_version = 1;
    #####:  859:	break;
    #####:  860:      case 'X':
    #####:  861:	if (matcher)
    #####:  862:	  fatal(_("matcher already specified"), 0);
    #####:  863:	matcher = optarg;
    #####:  864:	break;
    #####:  865:      case 'b':
    #####:  866:	out_byte = 1;
    #####:  867:	break;
    #####:  868:      case 'c':
    #####:  869:	out_quiet = 1;
    #####:  870:	count_matches = 1;
    #####:  871:	break;
    #####:  872:      case 'e':
    #####:  873:	cc = strlen(optarg);
    #####:  874:	keys = xrealloc(keys, keycc + cc + 1);
    #####:  875:	strcpy(&keys[keycc], optarg);
    #####:  876:	keycc += cc;
    #####:  877:	keys[keycc++] = '\n';
    #####:  878:	break;
    #####:  879:      case 'f':
    #####:  880:	fp = strcmp(optarg, "-") != 0 ? fopen(optarg, "r") : stdin;
    #####:  881:	if (!fp)
    #####:  882:	  fatal(optarg, errno);
    #####:  883:	for (keyalloc = 1; keyalloc <= keycc + 1; keyalloc *= 2)
        -:  884:	  ;
    #####:  885:	keys = xrealloc(keys, keyalloc);
    #####:  886:	oldcc = keycc;
    #####:  887:	while (!feof(fp)
    #####:  888:	       && (cc = fread(keys + keycc, 1, keyalloc - 1 - keycc, fp)) > 0)
        -:  889:	  {
    #####:  890:	    keycc += cc;
    #####:  891:	    if (keycc == keyalloc - 1)
    #####:  892:	      keys = xrealloc(keys, keyalloc *= 2);
        -:  893:	  }
    #####:  894:	if (fp != stdin)
    #####:  895:	  fclose(fp);
        -:  896:	/* Append final newline if file ended in non-newline. */
    #####:  897:	if (oldcc != keycc && keys[keycc - 1] != '\n')
    #####:  898:	  keys[keycc++] = '\n';
    #####:  899:	break;
    #####:  900:      case 'h':
    #####:  901:	no_filenames = 1;
    #####:  902:	break;
    #####:  903:      case 'i':
        -:  904:      case 'y':			/* For old-timers . . . */
    #####:  905:	match_icase = 1;
    #####:  906:	break;
    #####:  907:      case 'L':
        -:  908:	/* Like -l, except list files that don't contain matches.
        -:  909:	   Inspired by the same option in Hume's gre. */
    #####:  910:	out_quiet = 1;
    #####:  911:	list_files = -1;
    #####:  912:	done_on_match = 1;
    #####:  913:	break;
    #####:  914:      case 'l':
    #####:  915:	out_quiet = 1;
    #####:  916:	list_files = 1;
    #####:  917:	done_on_match = 1;
    #####:  918:	break;
    #####:  919:      case 'n':
    #####:  920:	out_line = 1;
    #####:  921:	break;
    #####:  922:      case 'q':
    #####:  923:	done_on_match = 1;
    #####:  924:	out_quiet = 1;
    #####:  925:	break;
    #####:  926:      case 's':
    #####:  927:	suppress_errors = 1;
    #####:  928:	break;
    #####:  929:      case 'v':
    #####:  930:	out_invert = 1;
    #####:  931:	break;
    #####:  932:      case 'w':
    #####:  933:	match_words = 1;
    #####:  934:	break;
    #####:  935:      case 'x':
    #####:  936:	match_lines = 1;
    #####:  937:	break;
    #####:  938:      case 0:
        -:  939:	/* long options */
    #####:  940:	break;
    #####:  941:      default:
    #####:  942:	usage(2);
    #####:  943:	break;
        -:  944:      }
        -:  945:
        1:  946:  if (show_version)
        -:  947:    {
    #####:  948:      printf (_("grep (GNU grep) %s\n"), VERSION);
    #####:  949:      printf ("\n");
    #####:  950:      printf (_("\
        -:  951:Copyright (C) 1988, 92, 93, 94, 95, 96, 97 Free Software Foundation, Inc.\n"));
    #####:  952:      printf (_("\
        -:  953:This is free software; see the source for copying conditions. There is NO\n\
        -:  954:warranty; not even for MERCHANTABILITY or FITNESS FOR A PARTICULAR PURPOSE.\n"));
    #####:  955:      printf ("\n");
    #####:  956:      exit (0);
        -:  957:    }
        -:  958:
        1:  959:  if (show_help)
    #####:  960:    usage(0);
        -:  961:
        1:  962:  if (keys)
        -:  963:    {
        -:  964:      /* No keys were specified (e.g. -f /dev/null)/ Match nothing/ */
    #####:  965:      if (keycc == 0)
    #####:  966:        out_invert ^= 1;
        -:  967:      else /* strip trailin newline. */
    #####:  968:        --keycc;
        -:  969:    }
        -:  970:  else
        1:  971:    if (optind < argc)
        -:  972:      {
        1:  973:	keys = argv[optind++];
        1:  974:	keycc = strlen(keys);
        -:  975:      }
        -:  976:    else
    #####:  977:      usage(2);
        -:  978:
        1:  979:  if (!matcher)
        1:  980:    matcher = prog;
        -:  981:
        1:  982:  if (!setmatcher(matcher) && !setmatcher("default"))
    #####:  983:    abort();
        -:  984:
        1:  985:  (*compile)(keys, keycc);
        -:  986:
    #####:  987:  if ((argc - optind > 1 && !no_filenames) || with_filenames)
    #####:  988:    out_file = 1;
        -:  989:
    #####:  990:  status = 1;
        -:  991:
    #####:  992:  if (optind < argc)
    #####:  993:    while (optind < argc)
        -:  994:      {
    #####:  995:	if (strcmp(argv[optind], "-") == 0)
        -:  996:	  {
    #####:  997:	    filename = _("(standard input)");
    #####:  998:	    desc = 0;
        -:  999:	  }
        -: 1000:	else
        -: 1001:	  {
        -: 1002:#if defined(__MSDOS__) || defined(_WIN32)
        -: 1003:	    struct stat st;
        -: 1004:	    if (stat (argv[optind], &st) == 0 && S_ISDIR(st.st_mode))
        -: 1005:	      {
        -: 1006:		++optind;
        -: 1007:		continue;
        -: 1008:	      }
        -: 1009:#endif
    #####: 1010:	    filename = argv[optind];
    #####: 1011:	    desc = open(argv[optind], O_RDONLY);
        -: 1012:	  }
    #####: 1013:	if (desc < 0)
        -: 1014:	  {
    #####: 1015:	    if (!suppress_errors)
    #####: 1016:	      error(argv[optind], errno);
        -: 1017:	  }
        -: 1018:	else
        -: 1019:	  {
        -: 1020:#if O_BINARY
        -: 1021:	    /* Set input to binary mode.  Pipes are simulated with files
        -: 1022:	       on DOS, so this includes the case of "foo | grep bar".  */
        -: 1023:	    if (!isatty(desc))
        -: 1024:	      SET_BINARY(desc);
        -: 1025:#endif
    #####: 1026:	    count = grep(desc);
    #####: 1027:	    if (count_matches)
        -: 1028:	      {
    #####: 1029:		if (out_file)
    #####: 1030:		  printf("%s:", filename);
    #####: 1031:		printf("%d\n", count);
        -: 1032:	      }
    #####: 1033:	    if (count)
        -: 1034:	      {
    #####: 1035:		status = 0;
    #####: 1036:		if (list_files == 1)
    #####: 1037:		  printf("%s\n", filename);
        -: 1038:	      }
    #####: 1039:	    else if (list_files == -1)
    #####: 1040:	      printf("%s\n", filename);
    #####: 1041:	    if (desc != 0)
    #####: 1042:	      close(desc);
        -: 1043:	  }
    #####: 1044:	++optind;
        -: 1045:      }
        -: 1046:  else
        -: 1047:    {
    #####: 1048:      filename = _("(standard input)");
        -: 1049:#if O_BINARY
        -: 1050:      if (!isatty(0))
        -: 1051:	SET_BINARY(0);
        -: 1052:#endif
    #####: 1053:      count = grep(0);
    #####: 1054:      if (count_matches)
    #####: 1055:	printf("%d\n", count);
    #####: 1056:      if (count)
        -: 1057:	{
    #####: 1058:	  status = 0;
    #####: 1059:	  if (list_files == 1)
    #####: 1060:	    printf(_("(standard input)\n"));
        -: 1061:	}
    #####: 1062:      else if (list_files == -1)
    #####: 1063:	printf(_("(standard input)\n"));
        -: 1064:    }
        -: 1065:
    #####: 1066:  if (fclose (stdout) == EOF)
    #####: 1067:    error (_("writing output"), errno);
        -: 1068:
    #####: 1069:  exit(errseen ? 2 : status);
        -: 1070:}
        -: 1071:/* dfa.c - deterministic extended regexp routines for GNU
        -: 1072:   Copyright (C) 1988, 1998 Free Software Foundation, Inc.
        -: 1073:
        -: 1074:   This program is free software; you can redistribute it and/or modify
        -: 1075:   it under the terms of the GNU General Public License as published by
        -: 1076:   the Free Software Foundation; either version 2, or (at your option)
        -: 1077:   any later version.
        -: 1078:
        -: 1079:   This program is distributed in the hope that it will be useful,
        -: 1080:   but WITHOUT ANY WARRANTY; without even the implied warranty of
        -: 1081:   MERCHANTABILITY or FITNESS FOR A PARTICULAR PURPOSE.  See the
        -: 1082:   GNU General Public License for more details.
        -: 1083:
        -: 1084:   You should have received a copy of the GNU General Public License
        -: 1085:   along with this program; if not, write to the Free Software
        -: 1086:   Foundation, Inc., 59 Temple Place - Suite 330, Boston, MA  02111-1307, USA */
        -: 1087:
        -: 1088:/* Written June, 1988 by Mike Haertel
        -: 1089:   Modified July, 1988 by Arthur David Olson to assist BMG speedups  */
        -: 1090:
        -: 1091:#ifdef HAVE_CONFIG_H
        -: 1092:#if flag_config==0
        -: 1093:#include <config.h>
        -: 1094:#define flag_config 1
        -: 1095:#endif
        -: 1096:#endif
        -: 1097:
        -: 1098:#include <assert.h>
        -: 1099:#include <ctype.h>
        -: 1100:/*#include <stdio.h>*/
        -: 1101:
        -: 1102:/*#include <sys/types.h>*/
        -: 1103:#ifdef STDC_HEADERS
        -: 1104:#include <stdlib.h>
        -: 1105:#define flag_stdlib 1
        -: 1106:#else
        -: 1107:extern char *calloc(), *malloc(), *realloc();
        -: 1108:extern void free();
        -: 1109:#endif
        -: 1110:
        -: 1111:#if defined(HAVE_STRING_H) || defined(STDC_HEADERS)
        -: 1112:#include <string.h>
        -: 1113:#define flag_string 1
        -: 1114:#undef index
        -: 1115:#define index strchr
        -: 1116:#else
        -: 1117:#include <strings.h>
        -: 1118:#define flag_strings 1
        -: 1119:#endif
        -: 1120:
        -: 1121:#ifndef DEBUG	/* use the same approach as regex.c */
        -: 1122:#undef assert
        -: 1123:#define assert(e)
        -: 1124:#endif /* DEBUG */
        -: 1125:
        -: 1126:#ifndef isgraph
        -: 1127:#define isgraph(C) (isprint(C) && !isspace(C))
        -: 1128:#endif
        -: 1129:
        -: 1130:#undef ISALPHA
        -: 1131:#undef ISUPPER
        -: 1132:#undef ISLOWER
        -: 1133:#undef ISDIGIT
        -: 1134:#undef ISXDIGIT
        -: 1135:#undef ISSPACE
        -: 1136:#undef ISPUNCT
        -: 1137:#undef ISALNUM
        -: 1138:#undef ISPRINT
        -: 1139:#undef ISGRAPH
        -: 1140:#undef ISCNTRL
        -: 1141:
        -: 1142:#if defined (STDC_HEADERS) || (!defined (isascii) && !defined (HAVE_ISASCII))
        -: 1143:#define ISALPHA(C) isalpha(C)
        -: 1144:#define ISUPPER(C) isupper(C)
        -: 1145:#define ISLOWER(C) islower(C)
        -: 1146:#define ISDIGIT(C) isdigit(C)
        -: 1147:#define ISXDIGIT(C) isxdigit(C)
        -: 1148:#define ISSPACE(C) isspace(C)
        -: 1149:#define ISPUNCT(C) ispunct(C)
        -: 1150:#define ISALNUM(C) isalnum(C)
        -: 1151:#define ISPRINT(C) isprint(C)
        -: 1152:#define ISGRAPH(C) isgraph(C)
        -: 1153:#define ISCNTRL(C) iscntrl(C)
        -: 1154:#else
        -: 1155:#define ISALPHA(C) (isascii(C) && isalpha(C))
        -: 1156:#define ISUPPER(C) (isascii(C) && isupper(C))
        -: 1157:#define ISLOWER(C) (isascii(C) && islower(C))
        -: 1158:#define ISDIGIT(C) (isascii(C) && isdigit(C))
        -: 1159:#define ISXDIGIT(C) (isascii(C) && isxdigit(C))
        -: 1160:#define ISSPACE(C) (isascii(C) && isspace(C))
        -: 1161:#define ISPUNCT(C) (isascii(C) && ispunct(C))
        -: 1162:#define ISALNUM(C) (isascii(C) && isalnum(C))
        -: 1163:#define ISPRINT(C) (isascii(C) && isprint(C))
        -: 1164:#define ISGRAPH(C) (isascii(C) && isgraph(C))
        -: 1165:#define ISCNTRL(C) (isascii(C) && iscntrl(C))
        -: 1166:#endif
        -: 1167:
        -: 1168:/* If we (don't) have I18N.  */
        -: 1169:/* glibc defines _ */
        -: 1170:#ifndef _
        -: 1171:# ifdef HAVE_LIBINTL_H
        -: 1172:#  include <libintl.h>
        -: 1173:#define flag_libintl 1
        -: 1174:#  ifndef _
        -: 1175:#   define _(Str) gettext (Str)
        -: 1176:#  endif
        -: 1177:# else
        -: 1178:#  define _(Str) (Str)
        -: 1179:# endif
        -: 1180:#endif
        -: 1181:
        -: 1182:#include "regex.h"
        -: 1183:#include "dfa.h"
        -: 1184:
        -: 1185:static void dfamust PARAMS ((struct dfa *dfa));
        -: 1186:
        -: 1187:static ptr_t xcalloc PARAMS ((size_t n, size_t s));
        -: 1188:static ptr_t xmalloc_1 PARAMS ((size_t n));
        -: 1189:static ptr_t xrealloc_1 PARAMS ((ptr_t p, size_t n));
        -: 1190:#ifdef DEBUG
        -: 1191:static void prtok PARAMS ((token t));
        -: 1192:#endif
        -: 1193:static int tstbit PARAMS ((int b, charclass c));
        -: 1194:static void setbit PARAMS ((int b, charclass c));
        -: 1195:static void clrbit PARAMS ((int b, charclass c));
        -: 1196:static void copyset PARAMS ((charclass src, charclass dst));
        -: 1197:static void zeroset PARAMS ((charclass s));
        -: 1198:static void notset PARAMS ((charclass s));
        -: 1199:static int equal PARAMS ((charclass s1, charclass s2));
        -: 1200:static int charclass_index PARAMS ((charclass s));
        -: 1201:static int looking_at PARAMS ((const char *s));
        -: 1202:static token lex PARAMS ((void));
        -: 1203:static void addtok PARAMS ((token t));
        -: 1204:static void atom PARAMS ((void));
        -: 1205:static int nsubtoks PARAMS ((int tindex));
        -: 1206:static void copytoks PARAMS ((int tindex, int ntokens));
        -: 1207:static void closure PARAMS ((void));
        -: 1208:static void branch PARAMS ((void));
        -: 1209:static void regexp PARAMS ((int toplevel));
        -: 1210:static void copy PARAMS ((position_set *src, position_set *dst));
        -: 1211:static void insert PARAMS ((position p, position_set *s));
        -: 1212:static void merge PARAMS ((position_set *s1, position_set *s2, position_set *m));
        -: 1213:static void delete PARAMS ((position p, position_set *s));
        -: 1214:static int state_index PARAMS ((struct dfa *d, position_set *s,
        -: 1215:			  int newline, int letter));
        -: 1216:static void build_state PARAMS ((int s, struct dfa *d));
        -: 1217:static void build_state_zero PARAMS ((struct dfa *d));
        -: 1218:static char *icatalloc PARAMS ((char *old, char *new));
        -: 1219:static char *icpyalloc PARAMS ((char *string));
        -: 1220:static char *istrstr PARAMS ((char *lookin, char *lookfor));
        -: 1221:static void ifree PARAMS ((char *cp));
        -: 1222:static void freelist PARAMS ((char **cpp));
        -: 1223:static char **enlist PARAMS ((char **cpp, char *new, size_t len));
        -: 1224:static char **comsubs PARAMS ((char *left, char *right));
        -: 1225:static char **addlists PARAMS ((char **old, char **new));
        -: 1226:static char **inboth PARAMS ((char **left, char **right));
        -: 1227:
        -: 1228:static ptr_t
    #####: 1229:xcalloc(n, s)
        -: 1230:     size_t n;
        -: 1231:     size_t s;
        -: 1232:{
    #####: 1233:  ptr_t r = calloc(n, s);
        -: 1234:
    #####: 1235:  if (!r)
    #####: 1236:    dfaerror(_("Memory exhausted"));
    #####: 1237:  return r;
        -: 1238:}
        -: 1239:
        -: 1240:static ptr_t
    #####: 1241:xmalloc_1(n)
        -: 1242:     size_t n;
        -: 1243:{
    #####: 1244:  ptr_t r = malloc(n);
        -: 1245:
        -: 1246:  assert(n != 0);
    #####: 1247:  if (!r)
    #####: 1248:    dfaerror(_("Memory exhausted"));
    #####: 1249:  return r;
        -: 1250:}
        -: 1251:
        -: 1252:static ptr_t
    #####: 1253:xrealloc_1(p, n)
        -: 1254:     ptr_t p;
        -: 1255:     size_t n;
        -: 1256:{
    #####: 1257:  ptr_t r = realloc(p, n);
        -: 1258:
        -: 1259:  assert(n != 0);
    #####: 1260:  if (!r)
    #####: 1261:    dfaerror(_("Memory exhausted"));
    #####: 1262:  return r;
        -: 1263:}
        -: 1264:
        -: 1265:#define CALLOC(p, t, n) ((p) = (t *) xcalloc((size_t)(n), sizeof (t)))
        -: 1266:#define MALLOC(p, t, n) ((p) = (t *) xmalloc_1((n) * sizeof (t)))
        -: 1267:#define REALLOC(p, t, n) ((p) = (t *) xrealloc_1((ptr_t) (p), (n) * sizeof (t)))
        -: 1268:
        -: 1269:/* Reallocate an array of type t if nalloc is too small for index. */
        -: 1270:#define REALLOC_IF_NECESSARY(p, t, nalloc, index) \
        -: 1271:  if ((index) >= (nalloc))			  \
        -: 1272:    {						  \
        -: 1273:      while ((index) >= (nalloc))		  \
        -: 1274:	(nalloc) *= 2;				  \
        -: 1275:      REALLOC(p, t, nalloc);			  \
        -: 1276:    }
        -: 1277:
        -: 1278:#ifdef DEBUG
        -: 1279:
        -: 1280:static void
        -: 1281:prtok(t)
        -: 1282:     token t;
        -: 1283:{
        -: 1284:  char *s;
        -: 1285:
        -: 1286:  if (t < 0)
        -: 1287:    fprintf(stderr, "END");
        -: 1288:  else if (t < NOTCHAR)
        -: 1289:    fprintf(stderr, "%c", t);
        -: 1290:  else
        -: 1291:    {
        -: 1292:      switch (t)
        -: 1293:	{
        -: 1294:	case EMPTY: s = "EMPTY"; break;
        -: 1295:	case BACKREF: s = "BACKREF"; break;
        -: 1296:	case BEGLINE: s = "BEGLINE"; break;
        -: 1297:	case ENDLINE: s = "ENDLINE"; break;
        -: 1298:	case BEGWORD: s = "BEGWORD"; break;
        -: 1299:	case ENDWORD: s = "ENDWORD"; break;
        -: 1300:	case LIMWORD: s = "LIMWORD"; break;
        -: 1301:	case NOTLIMWORD: s = "NOTLIMWORD"; break;
        -: 1302:	case QMARK: s = "QMARK"; break;
        -: 1303:	case STAR: s = "STAR"; break;
        -: 1304:	case PLUS: s = "PLUS"; break;
        -: 1305:	case CAT: s = "CAT"; break;
        -: 1306:	case OR: s = "OR"; break;
        -: 1307:	case ORTOP: s = "ORTOP"; break;
        -: 1308:	case LPAREN: s = "LPAREN"; break;
        -: 1309:	case RPAREN: s = "RPAREN"; break;
        -: 1310:	default: s = "CSET"; break;
        -: 1311:	}
        -: 1312:      fprintf(stderr, "%s", s);
        -: 1313:    }
        -: 1314:}
        -: 1315:#endif /* DEBUG */
        -: 1316:
        -: 1317:/* Stuff pertaining to charclasses. */
        -: 1318:
        -: 1319:static int
    #####: 1320:tstbit(b, c)
        -: 1321:     int b;
        -: 1322:     charclass c;
        -: 1323:{
    #####: 1324:  return c[b / INTBITS] & 1 << b % INTBITS;
        -: 1325:}
        -: 1326:
        -: 1327:static void
    #####: 1328:setbit(b, c)
        -: 1329:     int b;
        -: 1330:     charclass c;
        -: 1331:{
    #####: 1332:  c[b / INTBITS] |= 1 << b % INTBITS;
    #####: 1333:}
        -: 1334:
        -: 1335:static void
    #####: 1336:clrbit(b, c)
        -: 1337:     int b;
        -: 1338:     charclass c;
        -: 1339:{
    #####: 1340:  c[b / INTBITS] &= ~(1 << b % INTBITS);
    #####: 1341:}
        -: 1342:
        -: 1343:static void
    #####: 1344:copyset(src, dst)
        -: 1345:     charclass src;
        -: 1346:     charclass dst;
        -: 1347:{
        -: 1348:  int i;
        -: 1349:
    #####: 1350:  for (i = 0; i < CHARCLASS_INTS; ++i)
    #####: 1351:    dst[i] = src[i];
    #####: 1352:}
        -: 1353:
        -: 1354:static void
    #####: 1355:zeroset(s)
        -: 1356:     charclass s;
        -: 1357:{
        -: 1358:  int i;
        -: 1359:
    #####: 1360:  for (i = 0; i < CHARCLASS_INTS; ++i)
    #####: 1361:    s[i] = 0;
    #####: 1362:}
        -: 1363:
        -: 1364:static void
    #####: 1365:notset(s)
        -: 1366:     charclass s;
        -: 1367:{
        -: 1368:  int i;
        -: 1369:
    #####: 1370:  for (i = 0; i < CHARCLASS_INTS; ++i)
    #####: 1371:    s[i] = ~s[i];
    #####: 1372:}
        -: 1373:
        -: 1374:static int
    #####: 1375:equal(s1, s2)
        -: 1376:     charclass s1;
        -: 1377:     charclass s2;
        -: 1378:{
        -: 1379:  int i;
        -: 1380:
    #####: 1381:  for (i = 0; i < CHARCLASS_INTS; ++i)
    #####: 1382:    if (s1[i] != s2[i])
    #####: 1383:      return 0;
    #####: 1384:  return 1;
        -: 1385:}
        -: 1386:
        -: 1387:/* A pointer to the current dfa is kept here during parsing. */
        -: 1388:static struct dfa *dfa;
        -: 1389:
        -: 1390:/* Find the index of charclass s in dfa->charclasses, or allocate a new charclass. */
        -: 1391:static int
    #####: 1392:charclass_index(s)
        -: 1393:     charclass s;
        -: 1394:{
        -: 1395:  int i;
        -: 1396:
    #####: 1397:  for (i = 0; i < dfa->cindex; ++i)
    #####: 1398:    if (equal(s, dfa->charclasses[i]))
    #####: 1399:      return i;
    #####: 1400:  REALLOC_IF_NECESSARY(dfa->charclasses, charclass, dfa->calloc, dfa->cindex);
    #####: 1401:  ++dfa->cindex;
    #####: 1402:  copyset(s, dfa->charclasses[i]);
    #####: 1403:  return i;
        -: 1404:}
        -: 1405:
        -: 1406:/* Syntax bits controlling the behavior of the lexical analyzer. */
        -: 1407:static reg_syntax_t syntax_bits, syntax_bits_set;
        -: 1408:
        -: 1409:/* Flag for case-folding letters into sets. */
        -: 1410:static int case_fold;
        -: 1411:
        -: 1412:/* Entry point to set syntax options. */
        -: 1413:void
        1: 1414:dfasyntax(bits, fold)
        -: 1415:     reg_syntax_t bits;
        -: 1416:     int fold;
        -: 1417:{
        1: 1418:  syntax_bits_set = 1;
        1: 1419:  syntax_bits = bits;
        1: 1420:  case_fold = fold;
        1: 1421:}
        -: 1422:
        -: 1423:/* Lexical analyzer.  All the dross that deals with the obnoxious
        -: 1424:   GNU Regex syntax bits is located here.  The poor, suffering
        -: 1425:   reader is referred to the GNU Regex documentation for the
        -: 1426:   meaning of the @#%!@#%^!@ syntax bits. */
        -: 1427:
        -: 1428:static char *lexstart;		/* Pointer to beginning of input string. */
        -: 1429:static char *lexptr;		/* Pointer to next input character. */
        -: 1430:static int lexleft;		/* Number of characters remaining. */
        -: 1431:static token lasttok;		/* Previous token returned; initially END. */
        -: 1432:static int laststart;		/* True if we're separated from beginning or (, |
        -: 1433:				   only by zero-width characters. */
        -: 1434:static int parens;		/* Count of outstanding left parens. */
        -: 1435:static int minrep, maxrep;	/* Repeat counts for {m,n}. */
        -: 1436:
        -: 1437:/* Note that characters become unsigned here. */
        -: 1438:#define FETCH(c, eoferr)   	      \
        -: 1439:  {			   	      \
        -: 1440:    if (! lexleft)	   	      \
        -: 1441:      if (eoferr != 0)	   	      \
        -: 1442:	dfaerror(eoferr);  	      \
        -: 1443:      else		   	      \
        -: 1444:	return lasttok = END;	      \
        -: 1445:    (c) = (unsigned char) *lexptr++;  \
        -: 1446:    --lexleft;		   	      \
        -: 1447:  }
        -: 1448:
        -: 1449:#ifdef __STDC__
        -: 1450:#define FUNC(F, P) static int F(int c) { return P(c); }
        -: 1451:#else
        -: 1452:#define FUNC(F, P) static int F(c) int c; { return P(c); }
        -: 1453:#endif
        -: 1454:
    #####: 1455:FUNC(is_alpha, ISALPHA)
    #####: 1456:FUNC(is_upper, ISUPPER)
    #####: 1457:FUNC(is_lower, ISLOWER)
    #####: 1458:FUNC(is_digit, ISDIGIT)
    #####: 1459:FUNC(is_xdigit, ISXDIGIT)
    #####: 1460:FUNC(is_space, ISSPACE)
    #####: 1461:FUNC(is_punct, ISPUNCT)
    #####: 1462:FUNC(is_alnum, ISALNUM)
    #####: 1463:FUNC(is_print, ISPRINT)
    #####: 1464:FUNC(is_graph, ISGRAPH)
    #####: 1465:FUNC(is_cntrl, ISCNTRL)
        -: 1466:
    #####: 1467:static int is_blank(c)
        -: 1468:int c;
        -: 1469:{
    #####: 1470:   return (c == ' ' || c == '\t');
        -: 1471:}
        -: 1472:
        -: 1473:/* The following list maps the names of the Posix named character classes
        -: 1474:   to predicate functions that determine whether a given character is in
        -: 1475:   the class.  The leading [ has already been eaten by the lexical analyzer. */
        -: 1476:static struct {
        -: 1477:  const char *name;
        -: 1478:  int (*pred) PARAMS ((int));
        -: 1479:} prednames[] = {
        -: 1480:  { ":alpha:]", is_alpha },
        -: 1481:  { ":upper:]", is_upper },
        -: 1482:  { ":lower:]", is_lower },
        -: 1483:  { ":digit:]", is_digit },
        -: 1484:  { ":xdigit:]", is_xdigit },
        -: 1485:  { ":space:]", is_space },
        -: 1486:  { ":punct:]", is_punct },
        -: 1487:  { ":alnum:]", is_alnum },
        -: 1488:  { ":print:]", is_print },
        -: 1489:  { ":graph:]", is_graph },
        -: 1490:  { ":cntrl:]", is_cntrl },
        -: 1491:  { ":blank:]", is_blank },
        -: 1492:  { 0 }
        -: 1493:};
        -: 1494:
        -: 1495:/* Return non-zero if C is a `word-constituent' byte; zero otherwise.  */
        -: 1496:#define IS_WORD_CONSTITUENT(C) (ISALNUM(C) || (C) == '_')
        -: 1497:
        -: 1498:static int
    #####: 1499:looking_at(s)
        -: 1500:     const char *s;
        -: 1501:{
        -: 1502:  size_t len;
        -: 1503:
    #####: 1504:  len = strlen(s);
    #####: 1505:  if (lexleft < len)
    #####: 1506:    return 0;
    #####: 1507:  return strncmp(s, lexptr, len) == 0;
        -: 1508:}
        -: 1509:
        -: 1510:static token
    #####: 1511:lex()
        -: 1512:{
        -: 1513:  token c, c1, c2;
    #####: 1514:  int backslash = 0, invert;
        -: 1515:  charclass ccl;
        -: 1516:  int i;
        -: 1517:
        -: 1518:  /* Basic plan: We fetch a character.  If it's a backslash,
        -: 1519:     we set the backslash flag and go through the loop again.
        -: 1520:     On the plus side, this avoids having a duplicate of the
        -: 1521:     main switch inside the backslash case.  On the minus side,
        -: 1522:     it means that just about every case begins with
        -: 1523:     "if (backslash) ...".  */
    #####: 1524:  for (i = 0; i < 2; ++i)
        -: 1525:    {
    #####: 1526:      FETCH(c, 0);
    #####: 1527:      switch (c)
        -: 1528:	{
    #####: 1529:	case '\\':
    #####: 1530:	  if (backslash)
    #####: 1531:	    goto normal_char;
    #####: 1532:	  if (lexleft == 0)
    #####: 1533:	    dfaerror(_("Unfinished \\ escape"));
    #####: 1534:	  backslash = 1;
    #####: 1535:	  break;
        -: 1536:
    #####: 1537:	case '^':
    #####: 1538:	  if (backslash)
    #####: 1539:	    goto normal_char;
    #####: 1540:	  if (syntax_bits & RE_CONTEXT_INDEP_ANCHORS
    #####: 1541:	      || lasttok == END
    #####: 1542:	      || lasttok == LPAREN
    #####: 1543:	      || lasttok == OR)
    #####: 1544:	    return lasttok = BEGLINE;
    #####: 1545:	  goto normal_char;
        -: 1546:
    #####: 1547:	case '$':
    #####: 1548:	  if (backslash)
    #####: 1549:	    goto normal_char;
    #####: 1550:	  if (syntax_bits & RE_CONTEXT_INDEP_ANCHORS
    #####: 1551:	      || lexleft == 0
    #####: 1552:	      || (syntax_bits & RE_NO_BK_PARENS
    #####: 1553:		  ? lexleft > 0 && *lexptr == ')'
    #####: 1554:		  : lexleft > 1 && lexptr[0] == '\\' && lexptr[1] == ')')
    #####: 1555:	      || (syntax_bits & RE_NO_BK_VBAR
    #####: 1556:		  ? lexleft > 0 && *lexptr == '|'
    #####: 1557:		  : lexleft > 1 && lexptr[0] == '\\' && lexptr[1] == '|')
    #####: 1558:	      || ((syntax_bits & RE_NEWLINE_ALT)
    #####: 1559:	          && lexleft > 0 && *lexptr == '\n'))
    #####: 1560:	    return lasttok = ENDLINE;
    #####: 1561:	  goto normal_char;
        -: 1562:
    #####: 1563:	case '1':
        -: 1564:	case '2':
        -: 1565:	case '3':
        -: 1566:	case '4':
        -: 1567:	case '5':
        -: 1568:	case '6':
        -: 1569:	case '7':
        -: 1570:	case '8':
        -: 1571:	case '9':
    #####: 1572:	  if (backslash && !(syntax_bits & RE_NO_BK_REFS))
        -: 1573:	    {
    #####: 1574:	      laststart = 0;
    #####: 1575:	      return lasttok = BACKREF;
        -: 1576:	    }
    #####: 1577:	  goto normal_char;
        -: 1578:
    #####: 1579:	case '`':
    #####: 1580:	  if (backslash && !(syntax_bits & RE_NO_GNU_OPS))
    #####: 1581:	    return lasttok = BEGLINE;	/* FIXME: should be beginning of string */
    #####: 1582:	  goto normal_char;
        -: 1583:
    #####: 1584:	case '\'':
    #####: 1585:	  if (backslash && !(syntax_bits & RE_NO_GNU_OPS))
    #####: 1586:	    return lasttok = ENDLINE;	/* FIXME: should be end of string */
    #####: 1587:	  goto normal_char;
        -: 1588:
    #####: 1589:	case '<':
    #####: 1590:	  if (backslash && !(syntax_bits & RE_NO_GNU_OPS))
    #####: 1591:	    return lasttok = BEGWORD;
    #####: 1592:	  goto normal_char;
        -: 1593:
    #####: 1594:	case '>':
    #####: 1595:	  if (backslash && !(syntax_bits & RE_NO_GNU_OPS))
    #####: 1596:	    return lasttok = ENDWORD;
    #####: 1597:	  goto normal_char;
        -: 1598:
    #####: 1599:	case 'b':
    #####: 1600:	  if (backslash && !(syntax_bits & RE_NO_GNU_OPS))
    #####: 1601:	    return lasttok = LIMWORD;
    #####: 1602:	  goto normal_char;
        -: 1603:
    #####: 1604:	case 'B':
    #####: 1605:	  if (backslash && !(syntax_bits & RE_NO_GNU_OPS))
    #####: 1606:	    return lasttok = NOTLIMWORD;
    #####: 1607:	  goto normal_char;
        -: 1608:
    #####: 1609:	case '?':
    #####: 1610:	  if (syntax_bits & RE_LIMITED_OPS)
    #####: 1611:	    goto normal_char;
    #####: 1612:	  if (backslash != ((syntax_bits & RE_BK_PLUS_QM) != 0))
    #####: 1613:	    goto normal_char;
    #####: 1614:	  if (!(syntax_bits & RE_CONTEXT_INDEP_OPS) && laststart)
    #####: 1615:	    goto normal_char;
    #####: 1616:	  return lasttok = QMARK;
        -: 1617:
    #####: 1618:	case '*':
    #####: 1619:	  if (backslash)
    #####: 1620:	    goto normal_char;
    #####: 1621:	  if (!(syntax_bits & RE_CONTEXT_INDEP_OPS) && laststart)
    #####: 1622:	    goto normal_char;
    #####: 1623:	  return lasttok = STAR;
        -: 1624:
    #####: 1625:	case '+':
    #####: 1626:	  if (syntax_bits & RE_LIMITED_OPS)
    #####: 1627:	    goto normal_char;
    #####: 1628:	  if (backslash != ((syntax_bits & RE_BK_PLUS_QM) != 0))
    #####: 1629:	    goto normal_char;
    #####: 1630:	  if (!(syntax_bits & RE_CONTEXT_INDEP_OPS) && laststart)
    #####: 1631:	    goto normal_char;
    #####: 1632:	  return lasttok = PLUS;
        -: 1633:
    #####: 1634:	case '{':
    #####: 1635:	  if (!(syntax_bits & RE_INTERVALS))
    #####: 1636:	    goto normal_char;
    #####: 1637:	  if (backslash != ((syntax_bits & RE_NO_BK_BRACES) == 0))
    #####: 1638:	    goto normal_char;
    #####: 1639:	  minrep = maxrep = 0;
        -: 1640:	  /* Cases:
        -: 1641:	     {M} - exact count
        -: 1642:	     {M,} - minimum count, maximum is infinity
        -: 1643:	     {,M} - 0 through M
        -: 1644:	     {M,N} - M through N */
    #####: 1645:	  FETCH(c, _("unfinished repeat count"));
    #####: 1646:	  if (ISDIGIT(c))
        -: 1647:	    {
    #####: 1648:	      minrep = c - '0';
        -: 1649:	      for (;;)
        -: 1650:		{
    #####: 1651:		  FETCH(c, _("unfinished repeat count"));
    #####: 1652:		  if (!ISDIGIT(c))
    #####: 1653:		    break;
    #####: 1654:		  minrep = 10 * minrep + c - '0';
        -: 1655:		}
        -: 1656:	    }
    #####: 1657:	  else if (c != ',')
    #####: 1658:	    dfaerror(_("malformed repeat count"));
    #####: 1659:	  if (c == ',')
        -: 1660:	    for (;;)
        -: 1661:	      {
    #####: 1662:		FETCH(c, _("unfinished repeat count"));
    #####: 1663:		if (!ISDIGIT(c))
    #####: 1664:		  break;
    #####: 1665:		maxrep = 10 * maxrep + c - '0';
        -: 1666:	      }
        -: 1667:	  else
    #####: 1668:	    maxrep = minrep;
    #####: 1669:	  if (!(syntax_bits & RE_NO_BK_BRACES))
        -: 1670:	    {
    #####: 1671:	      if (c != '\\')
    #####: 1672:		dfaerror(_("malformed repeat count"));
    #####: 1673:	      FETCH(c, _("unfinished repeat count"));
        -: 1674:	    }
    #####: 1675:	  if (c != '}')
    #####: 1676:	    dfaerror(_("malformed repeat count"));
    #####: 1677:	  laststart = 0;
    #####: 1678:	  return lasttok = REPMN;
        -: 1679:
    #####: 1680:	case '|':
    #####: 1681:	  if (syntax_bits & RE_LIMITED_OPS)
    #####: 1682:	    goto normal_char;
    #####: 1683:	  if (backslash != ((syntax_bits & RE_NO_BK_VBAR) == 0))
    #####: 1684:	    goto normal_char;
    #####: 1685:	  laststart = 1;
    #####: 1686:	  return lasttok = OR;
        -: 1687:
    #####: 1688:	case '\n':
    #####: 1689:	  if (syntax_bits & RE_LIMITED_OPS
    #####: 1690:	      || backslash
    #####: 1691:	      || !(syntax_bits & RE_NEWLINE_ALT))
    #####: 1692:	    goto normal_char;
    #####: 1693:	  laststart = 1;
    #####: 1694:	  return lasttok = OR;
        -: 1695:
    #####: 1696:	case '(':
    #####: 1697:	  if (backslash != ((syntax_bits & RE_NO_BK_PARENS) == 0))
    #####: 1698:	    goto normal_char;
    #####: 1699:	  ++parens;
    #####: 1700:	  laststart = 1;
    #####: 1701:	  return lasttok = LPAREN;
        -: 1702:
    #####: 1703:	case ')':
    #####: 1704:	  if (backslash != ((syntax_bits & RE_NO_BK_PARENS) == 0))
    #####: 1705:	    goto normal_char;
    #####: 1706:	  if (parens == 0 && syntax_bits & RE_UNMATCHED_RIGHT_PAREN_ORD)
    #####: 1707:	    goto normal_char;
    #####: 1708:	  --parens;
    #####: 1709:	  laststart = 0;
    #####: 1710:	  return lasttok = RPAREN;
        -: 1711:
    #####: 1712:	case '.':
    #####: 1713:	  if (backslash)
    #####: 1714:	    goto normal_char;
    #####: 1715:	  zeroset(ccl);
    #####: 1716:	  notset(ccl);
    #####: 1717:	  if (!(syntax_bits & RE_DOT_NEWLINE))
    #####: 1718:	    clrbit('\n', ccl);
    #####: 1719:	  if (syntax_bits & RE_DOT_NOT_NULL)
    #####: 1720:	    clrbit('\0', ccl);
    #####: 1721:	  laststart = 0;
    #####: 1722:	  return lasttok = CSET + charclass_index(ccl);
        -: 1723:
    #####: 1724:	case 'w':
        -: 1725:	case 'W':
    #####: 1726:	  if (!backslash || (syntax_bits & RE_NO_GNU_OPS))
    #####: 1727:	    goto normal_char;
    #####: 1728:	  zeroset(ccl);
    #####: 1729:	  for (c2 = 0; c2 < NOTCHAR; ++c2)
    #####: 1730:	    if (IS_WORD_CONSTITUENT(c2))
    #####: 1731:	      setbit(c2, ccl);
    #####: 1732:	  if (c == 'W')
    #####: 1733:	    notset(ccl);
    #####: 1734:	  laststart = 0;
    #####: 1735:	  return lasttok = CSET + charclass_index(ccl);
        -: 1736:
    #####: 1737:	case '[':
    #####: 1738:	  if (backslash)
    #####: 1739:	    goto normal_char;
    #####: 1740:	  zeroset(ccl);
    #####: 1741:	  FETCH(c, _("Unbalanced ["));
    #####: 1742:	  if (c == '^')
        -: 1743:	    {
    #####: 1744:	      FETCH(c, _("Unbalanced ["));
    #####: 1745:	      invert = 1;
        -: 1746:	    }
        -: 1747:	  else
    #####: 1748:	    invert = 0;
        -: 1749:	  do
        -: 1750:	    {
        -: 1751:	      /* Nobody ever said this had to be fast. :-)
        -: 1752:		 Note that if we're looking at some other [:...:]
        -: 1753:		 construct, we just treat it as a bunch of ordinary
        -: 1754:		 characters.  We can do this because we assume
        -: 1755:		 regex has checked for syntax errors before
        -: 1756:		 dfa is ever called. */
    #####: 1757:	      if (c == '[' && (syntax_bits & RE_CHAR_CLASSES))
    #####: 1758:		for (c1 = 0; prednames[c1].name; ++c1)
    #####: 1759:		  if (looking_at(prednames[c1].name))
        -: 1760:		    {
    #####: 1761:			int (*pred)() = prednames[c1].pred;
        -: 1762:			#ifndef FAULTY_F_DG_9
    #####: 1763:			if (case_fold
    #####: 1764:			    && (pred == is_upper || pred == is_lower))
    #####: 1765:				pred = is_alpha;
        -: 1766:			#else
        -: 1767:			if (pred == is_upper || pred == is_lower)
        -: 1768:				pred = is_alpha;
        -: 1769:			#endif
        -: 1770:
    #####: 1771:		      for (c2 = 0; c2 < NOTCHAR; ++c2)
    #####: 1772:			if ((*pred)(c2))
    #####: 1773:			  setbit(c2, ccl);
    #####: 1774:		      lexptr += strlen(prednames[c1].name);
    #####: 1775:		      lexleft -= strlen(prednames[c1].name);
    #####: 1776:		      FETCH(c1, _("Unbalanced ["));
    #####: 1777:		      goto skip;
        -: 1778:		    }
    #####: 1779:	      if (c == '\\' && (syntax_bits & RE_BACKSLASH_ESCAPE_IN_LISTS))
    #####: 1780:		FETCH(c, _("Unbalanced ["));
    #####: 1781:	      FETCH(c1, _("Unbalanced ["));
    #####: 1782:	      if (c1 == '-')
        -: 1783:		{
    #####: 1784:		  FETCH(c2, _("Unbalanced ["));
    #####: 1785:		  if (c2 == ']')
        -: 1786:		    {
        -: 1787:		      /* In the case [x-], the - is an ordinary hyphen,
        -: 1788:			 which is left in c1, the lookahead character. */
    #####: 1789:		      --lexptr;
    #####: 1790:		      ++lexleft;
    #####: 1791:		      c2 = c;
        -: 1792:		    }
        -: 1793:		  else
        -: 1794:		    {
    #####: 1795:		      if (c2 == '\\'
    #####: 1796:			  && (syntax_bits & RE_BACKSLASH_ESCAPE_IN_LISTS))
    #####: 1797:			FETCH(c2, _("Unbalanced ["));
    #####: 1798:		      FETCH(c1, _("Unbalanced ["));
        -: 1799:		    }
        -: 1800:		}
        -: 1801:	      else
    #####: 1802:		c2 = c;
    #####: 1803:	      while (c <= c2)
        -: 1804:		{
    #####: 1805:		  setbit(c, ccl);
    #####: 1806:		  if (case_fold)
    #####: 1807:		    if (ISUPPER(c))
    #####: 1808:		      setbit(tolower(c), ccl);
    #####: 1809:		    else if (ISLOWER(c))
    #####: 1810:		      setbit(toupper(c), ccl);
    #####: 1811:		  ++c;
        -: 1812:		}
    #####: 1813:	    skip:
        -: 1814:	      ;
        -: 1815:	    }
    #####: 1816:	  while ((c = c1) != ']');
    #####: 1817:	  if (invert)
        -: 1818:	    {
    #####: 1819:	      notset(ccl);
    #####: 1820:	      if (syntax_bits & RE_HAT_LISTS_NOT_NEWLINE)
    #####: 1821:		clrbit('\n', ccl);
        -: 1822:	    }
    #####: 1823:	  laststart = 0;
    #####: 1824:	  return lasttok = CSET + charclass_index(ccl);
        -: 1825:
        -: 1826:	default:
    #####: 1827:	normal_char:
    #####: 1828:	  laststart = 0;
    #####: 1829:	  if (case_fold && ISALPHA(c))
        -: 1830:	    {
    #####: 1831:	      zeroset(ccl);
    #####: 1832:	      setbit(c, ccl);
    #####: 1833:	      if (isupper(c))
    #####: 1834:		setbit(tolower(c), ccl);
        -: 1835:	      else
    #####: 1836:		setbit(toupper(c), ccl);
    #####: 1837:	      return lasttok = CSET + charclass_index(ccl);
        -: 1838:	    }
    #####: 1839:	  return c;
        -: 1840:	}
        -: 1841:    }
        -: 1842:
        -: 1843:  /* The above loop should consume at most a backslash
        -: 1844:     and some other character. */
    #####: 1845:  abort();
        -: 1846:  return END;	/* keeps pedantic compilers happy. */
        -: 1847:}
        -: 1848:
        -: 1849:/* Recursive descent parser for regular expressions. */
        -: 1850:
        -: 1851:static token tok;		/* Lookahead token. */
        -: 1852:static int depth;		/* Current depth of a hypothetical stack
        -: 1853:				   holding deferred productions.  This is
        -: 1854:				   used to determine the depth that will be
        -: 1855:				   required of the real stack later on in
        -: 1856:				   dfaanalyze(). */
        -: 1857:
        -: 1858:/* Add the given token to the parse tree, maintaining the depth count and
        -: 1859:   updating the maximum depth if necessary. */
        -: 1860:static void
    #####: 1861:addtok(t)
        -: 1862:     token t;
        -: 1863:{
    #####: 1864:  REALLOC_IF_NECESSARY(dfa->tokens, token, dfa->talloc, dfa->tindex);
    #####: 1865:  dfa->tokens[dfa->tindex++] = t;
        -: 1866:
    #####: 1867:  switch (t)
        -: 1868:    {
    #####: 1869:    case QMARK:
        -: 1870:    case STAR:
        -: 1871:    case PLUS:
    #####: 1872:      break;
        -: 1873:
    #####: 1874:    case CAT:
        -: 1875:    case OR:
        -: 1876:    case ORTOP:
    #####: 1877:      --depth;
    #####: 1878:      break;
        -: 1879:
    #####: 1880:    default:
    #####: 1881:      ++dfa->nleaves;
    #####: 1882:    case EMPTY:
    #####: 1883:      ++depth;
    #####: 1884:      break;
        -: 1885:    }
    #####: 1886:  if (depth > dfa->depth)
    #####: 1887:    dfa->depth = depth;
    #####: 1888:}
        -: 1889:
        -: 1890:/* The grammar understood by the parser is as follows.
        -: 1891:
        -: 1892:   regexp:
        -: 1893:     regexp OR branch
        -: 1894:     branch
        -: 1895:
        -: 1896:   branch:
        -: 1897:     branch closure
        -: 1898:     closure
        -: 1899:
        -: 1900:   closure:
        -: 1901:     closure QMARK
        -: 1902:     closure STAR
        -: 1903:     closure PLUS
        -: 1904:     atom
        -: 1905:
        -: 1906:   atom:
        -: 1907:     <normal character>
        -: 1908:     CSET
        -: 1909:     BACKREF
        -: 1910:     BEGLINE
        -: 1911:     ENDLINE
        -: 1912:     BEGWORD
        -: 1913:     ENDWORD
        -: 1914:     LIMWORD
        -: 1915:     NOTLIMWORD
        -: 1916:     <empty>
        -: 1917:
        -: 1918:   The parser builds a parse tree in postfix form in an array of tokens. */
        -: 1919:
        -: 1920:static void
    #####: 1921:atom()
        -: 1922:{
    #####: 1923:  if ((tok >= 0 && tok < NOTCHAR) || tok >= CSET || tok == BACKREF
    #####: 1924:      || tok == BEGLINE || tok == ENDLINE || tok == BEGWORD
    #####: 1925:      || tok == ENDWORD || tok == LIMWORD || tok == NOTLIMWORD)
        -: 1926:    {
    #####: 1927:      addtok(tok);
    #####: 1928:      tok = lex();
        -: 1929:    }
    #####: 1930:  else if (tok == LPAREN)
        -: 1931:    {
    #####: 1932:      tok = lex();
    #####: 1933:      regexp(0);
    #####: 1934:      if (tok != RPAREN)
    #####: 1935:	dfaerror(_("Unbalanced ("));
    #####: 1936:      tok = lex();
        -: 1937:    }
        -: 1938:  else
    #####: 1939:    addtok(EMPTY);
    #####: 1940:}
        -: 1941:
        -: 1942:/* Return the number of tokens in the given subexpression. */
        -: 1943:static int
    #####: 1944:nsubtoks(tindex)
        -: 1945:int tindex;
        -: 1946:{
        -: 1947:  int ntoks1;
        -: 1948:
    #####: 1949:  switch (dfa->tokens[tindex - 1])
        -: 1950:    {
    #####: 1951:    default:
    #####: 1952:      return 1;
    #####: 1953:    case QMARK:
        -: 1954:    case STAR:
        -: 1955:    case PLUS:
    #####: 1956:      return 1 + nsubtoks(tindex - 1);
    #####: 1957:    case CAT:
        -: 1958:    case OR:
        -: 1959:    case ORTOP:
    #####: 1960:      ntoks1 = nsubtoks(tindex - 1);
    #####: 1961:      return 1 + ntoks1 + nsubtoks(tindex - 1 - ntoks1);
        -: 1962:    }
        -: 1963:}
        -: 1964:
        -: 1965:/* Copy the given subexpression to the top of the tree. */
        -: 1966:static void
    #####: 1967:copytoks(tindex, ntokens)
        -: 1968:     int tindex, ntokens;
        -: 1969:{
        -: 1970:  int i;
        -: 1971:
    #####: 1972:  for (i = 0; i < ntokens; ++i)
    #####: 1973:    addtok(dfa->tokens[tindex + i]);
    #####: 1974:}
        -: 1975:
        -: 1976:static void
    #####: 1977:closure()
        -: 1978:{
        -: 1979:  int tindex, ntokens, i;
        -: 1980:
[...]
    #####:12183:            return false;
        -:12184:        }
        -:12185:    }  /* while p1 < end */
        -:12186:
    #####:12187:  return true;
        -:12188:} /* alt_match_null_string_p */
        -:12189:
        -:12190:
        -:12191:/* Deals with the ops common to group_match_null_string_p and
        -:12192:   alt_match_null_string_p.
        -:12193:
        -:12194:   Sets P to one after the op and its arguments, if any.  */
        -:12195:
        -:12196:static boolean
    #####:12197:common_op_match_null_string_p (p, end, reg_info)
        -:12198:    unsigned char **p, *end;
        -:12199:    register_info_type *reg_info;
        -:12200:{
        -:12201:  int mcnt;
        -:12202:  boolean ret;
        -:12203:  int reg_no;
    #####:12204:  unsigned char *p1 = *p;
        -:12205:
    #####:12206:  switch ((re_opcode_t) *p1++)
        -:12207:    {
    #####:12208:    case no_op:
        -:12209:    case begline:
        -:12210:    case endline:
        -:12211:    case begbuf:
        -:12212:    case endbuf:
        -:12213:    case wordbeg:
        -:12214:    case wordend:
        -:12215:    case wordbound:
        -:12216:    case notwordbound:
        -:12217:#ifdef emacs
        -:12218:    case before_dot:
        -:12219:    case at_dot:
        -:12220:    case after_dot:
        -:12221:#endif
    #####:12222:      break;
        -:12223:
    #####:12224:    case start_memory:
    #####:12225:      reg_no = *p1;
        -:12226:      assert (reg_no > 0 && reg_no <= MAX_REGNUM);
    #####:12227:      ret = group_match_null_string_p (&p1, end, reg_info);
        -:12228:
        -:12229:      /* Have to set this here in case we're checking a group which
        -:12230:         contains a group and a back reference to it.  */
        -:12231:
    #####:12232:      if (REG_MATCH_NULL_STRING_P (reg_info[reg_no]) == MATCH_NULL_UNSET_VALUE)
    #####:12233:        REG_MATCH_NULL_STRING_P (reg_info[reg_no]) = ret;
        -:12234:
    #####:12235:      if (!ret)
    #####:12236:        return false;
    #####:12237:      break;
        -:12238:
        -:12239:    /* If this is an optimized succeed_n for zero times, make the jump.  */
    #####:12240:    case jump:
    #####:12241:      EXTRACT_NUMBER_AND_INCR (mcnt, p1);
    #####:12242:      if (mcnt >= 0)
    #####:12243:        p1 += mcnt;
        -:12244:      else
    #####:12245:        return false;
    #####:12246:      break;
        -:12247:
    #####:12248:    case succeed_n:
        -:12249:      /* Get to the number of times to succeed.  */
    #####:12250:      p1 += 2;
    #####:12251:      EXTRACT_NUMBER_AND_INCR (mcnt, p1);
        -:12252:
    #####:12253:      if (mcnt == 0)
        -:12254:        {
    #####:12255:          p1 -= 4;
    #####:12256:          EXTRACT_NUMBER_AND_INCR (mcnt, p1);
    #####:12257:          p1 += mcnt;
        -:12258:        }
        -:12259:      else
    #####:12260:        return false;
    #####:12261:      break;
        -:12262:
    #####:12263:    case duplicate:
    #####:12264:      if (!REG_MATCH_NULL_STRING_P (reg_info[*p1]))
    #####:12265:        return false;
    #####:12266:      break;
        -:12267:
    #####:12268:    case set_number_at:
    #####:12269:      p1 += 4;
        -:12270:
    #####:12271:    default:
        -:12272:      /* All other opcodes mean we cannot match the empty string.  */
    #####:12273:      return false;
        -:12274:  }
        -:12275:
    #####:12276:  *p = p1;
    #####:12277:  return true;
        -:12278:} /* common_op_match_null_string_p */
        -:12279:
        -:12280:
        -:12281:/* Return zero if TRANSLATE[S1] and TRANSLATE[S2] are identical for LEN
        -:12282:   bytes; nonzero otherwise.  */
        -:12283:
        -:12284:static int
    #####:12285:bcmp_translate (s1, s2, len, translate)
        -:12286:     const char *s1, *s2;
        -:12287:     register int len;
        -:12288:     RE_TRANSLATE_TYPE translate;
        -:12289:{
    #####:12290:  register const unsigned char *p1 = (const unsigned char *) s1;
    #####:12291:  register const unsigned char *p2 = (const unsigned char *) s2;
    #####:12292:  while (len)
        -:12293:    {
    #####:12294:      if (translate[*p1++] != translate[*p2++]) return 1;
    #####:12295:      len--;
        -:12296:    }
    #####:12297:  return 0;
        -:12298:}
        -:12299:
        -:12300:/* Entry points for GNU code.  */
        -:12301:
        -:12302:/* re_compile_pattern is the GNU regular expression compiler: it
        -:12303:   compiles PATTERN (of length SIZE) and puts the result in BUFP.
        -:12304:   Returns 0 if the pattern was valid, otherwise an error string.
        -:12305:
        -:12306:   Assumes the `allocated' (and perhaps `buffer') and `translate' fields
        -:12307:   are set in BUFP on entry.
        -:12308:
        -:12309:   We call regex_compile to do the actual compilation.  */
        -:12310:
        -:12311:const char *
        1:12312:re_compile_pattern (pattern, length, bufp)
        -:12313:     const char *pattern;
        -:12314:     size_t length;
        -:12315:     struct re_pattern_buffer *bufp;
        -:12316:{
        -:12317:  reg_errcode_t ret;
        -:12318:
        -:12319:  /* GNU code is written to assume at least RE_NREGS registers will be set
        -:12320:     (and at least one extra will be -1).  */
        1:12321:  bufp->regs_allocated = REGS_UNALLOCATED;
        -:12322:
        -:12323:  /* And GNU code determines whether or not to get register information
        -:12324:     by passing null for the REGS argument to re_match, etc., not by
        -:12325:     setting no_sub.  */
        1:12326:  bufp->no_sub = 0;
        -:12327:
        -:12328:  /* Match anchors at newline.  */
        1:12329:  bufp->newline_anchor = 1;
        -:12330:
        1:12331:  ret = regex_compile (pattern, length, re_syntax_options, bufp);
        -:12332:
        -:12333:#ifndef FAULTY_F_KP_2
        1:12334:  if (!ret)
        -:12335:#else
        -:12336:  if (ret)
        -:12337:#endif
    #####:12338:    return NULL;
        1:12339:  return gettext (re_error_msgid[(int) ret]);
        -:12340:}
        -:12341:
        -:12342:/* Entry points compatible with 4.2 BSD regex library.  We don't define
        -:12343:   them unless specifically requested.  */
        -:12344:
        -:12345:#if defined (_REGEX_RE_COMP) || defined (_LIBC)
        -:12346:
        -:12347:/* BSD has one and only one pattern buffer.  */
        -:12348:static struct re_pattern_buffer re_comp_buf;
        -:12349:
        -:12350:char *
        -:12351:#ifdef _LIBC
        -:12352:/* Make these definitions weak in libc, so POSIX programs can redefine
        -:12353:   these names if they don't use our functions, and still use
        -:12354:   regcomp/regexec below without link errors.  */
        -:12355:weak_function
        -:12356:#endif
        -:12357:re_comp (s)
        -:12358:    const char *s;
        -:12359:{
        -:12360:  reg_errcode_t ret;
        -:12361:
        -:12362:  if (!s)
        -:12363:    {
        -:12364:      if (!re_comp_buf.buffer)
        -:12365:	return gettext ("No previous regular expression");
        -:12366:      return 0;
        -:12367:    }
        -:12368:
        -:12369:  if (!re_comp_buf.buffer)
        -:12370:    {
        -:12371:      re_comp_buf.buffer = (unsigned char *) malloc (200);
        -:12372:      if (re_comp_buf.buffer == NULL)
        -:12373:        return gettext (re_error_msgid[(int) REG_ESPACE]);
        -:12374:      re_comp_buf.allocated = 200;
        -:12375:
        -:12376:      re_comp_buf.fastmap = (char *) malloc (1 << BYTEWIDTH);
        -:12377:      if (re_comp_buf.fastmap == NULL)
        -:12378:	return gettext (re_error_msgid[(int) REG_ESPACE]);
        -:12379:    }
        -:12380:
        -:12381:  /* Since `re_exec' always passes NULL for the `regs' argument, we
        -:12382:     don't need to initialize the pattern buffer fields which affect it.  */
        -:12383:
        -:12384:  /* Match anchors at newlines.  */
        -:12385:  re_comp_buf.newline_anchor = 1;
        -:12386:
        -:12387:  ret = regex_compile (s, strlen (s), re_syntax_options, &re_comp_buf);
        -:12388:
        -:12389:  if (!ret)
        -:12390:    return NULL;
        -:12391:
        -:12392:  /* Yes, we're discarding `const' here if !HAVE_LIBINTL.  */
        -:12393:  return (char *) gettext (re_error_msgid[(int) ret]);
        -:12394:}
        -:12395:
        -:12396:
        -:12397:int
        -:12398:#ifdef _LIBC
        -:12399:weak_function
        -:12400:#endif
        -:12401:re_exec (s)
        -:12402:    const char *s;
        -:12403:{
        -:12404:  const int len = strlen (s);
        -:12405:  return
        -:12406:    0 <= re_search (&re_comp_buf, s, len, 0, len, (struct re_registers *) 0);
        -:12407:}
        -:12408:
        -:12409:#endif /* _REGEX_RE_COMP */
        -:12410:
        -:12411:/* POSIX.2 functions.  Don't define these for Emacs.  */
        -:12412:
        -:12413:#ifndef emacs
        -:12414:
        -:12415:/* regcomp takes a regular expression as a string and compiles it.
        -:12416:
        -:12417:   PREG is a regex_t *.  We do not expect any fields to be initialized,
        -:12418:   since POSIX says we shouldn't.  Thus, we set
        -:12419:
        -:12420:     `buffer' to the compiled pattern;
        -:12421:     `used' to the length of the compiled pattern;
        -:12422:     `syntax' to RE_SYNTAX_POSIX_EXTENDED if the
        -:12423:       REG_EXTENDED bit in CFLAGS is set; otherwise, to
        -:12424:       RE_SYNTAX_POSIX_BASIC;
        -:12425:     `newline_anchor' to REG_NEWLINE being set in CFLAGS;
        -:12426:     `fastmap' and `fastmap_accurate' to zero;
        -:12427:     `re_nsub' to the number of subexpressions in PATTERN.
        -:12428:
        -:12429:   PATTERN is the address of the pattern string.
        -:12430:
        -:12431:   CFLAGS is a series of bits which affect compilation.
        -:12432:
        -:12433:     If REG_EXTENDED is set, we use POSIX extended syntax; otherwise, we
        -:12434:     use POSIX basic syntax.
        -:12435:
        -:12436:     If REG_NEWLINE is set, then . and [^...] don't match newline.
        -:12437:     Also, regexec will try a match beginning after every newline.
        -:12438:
        -:12439:     If REG_ICASE is set, then we considers upper- and lowercase
        -:12440:     versions of letters to be equivalent when matching.
        -:12441:
        -:12442:     If REG_NOSUB is set, then when PREG is passed to regexec, that
        -:12443:     routine will report only success or failure, and nothing about the
        -:12444:     registers.
        -:12445:
        -:12446:   It returns 0 if it succeeds, nonzero if it doesn't.  (See regex.h for
        -:12447:   the return codes and their meanings.)  */
        -:12448:
        -:12449:int
    #####:12450:regcomp (preg, pattern, cflags)
        -:12451:    regex_t *preg;
        -:12452:    const char *pattern;
        -:12453:    int cflags;
        -:12454:{
        -:12455:  reg_errcode_t ret;
    #####:12456:  reg_syntax_t syntax
    #####:12457:    = (cflags & REG_EXTENDED) ?
    #####:12458:      RE_SYNTAX_POSIX_EXTENDED : RE_SYNTAX_POSIX_BASIC;
        -:12459:
        -:12460:  /* regex_compile will allocate the space for the compiled pattern.  */
    #####:12461:  preg->buffer = 0;
    #####:12462:  preg->allocated = 0;
    #####:12463:  preg->used = 0;
        -:12464:
        -:12465:  /* Don't bother to use a fastmap when searching.  This simplifies the
        -:12466:     REG_NEWLINE case: if we used a fastmap, we'd have to put all the
        -:12467:     characters after newlines into the fastmap.  This way, we just try
        -:12468:     every character.  */
    #####:12469:  preg->fastmap = 0;
        -:12470:
    #####:12471:  if (cflags & REG_ICASE)
        -:12472:    {
        -:12473:      unsigned i;
        -:12474:
        -:12475:      preg->translate
    #####:12476:	= (RE_TRANSLATE_TYPE) malloc (CHAR_SET_SIZE
        -:12477:				      * sizeof (*(RE_TRANSLATE_TYPE)0));
    #####:12478:      if (preg->translate == NULL)
    #####:12479:        return (int) REG_ESPACE;
        -:12480:
        -:12481:      /* Map uppercase characters to corresponding lowercase ones.  */
    #####:12482:      for (i = 0; i < CHAR_SET_SIZE; i++)
    #####:12483:        preg->translate[i] = ISUPPER (i) ? tolower (i) : i;
        -:12484:    }
        -:12485:  else
    #####:12486:    preg->translate = NULL;
        -:12487:
        -:12488:  /* If REG_NEWLINE is set, newlines are treated differently.  */
    #####:12489:  if (cflags & REG_NEWLINE)
        -:12490:    { /* REG_NEWLINE implies neither . nor [^...] match newline.  */
    #####:12491:      syntax &= ~RE_DOT_NEWLINE;
    #####:12492:      syntax |= RE_HAT_LISTS_NOT_NEWLINE;
        -:12493:      /* It also changes the matching behavior.  */
    #####:12494:      preg->newline_anchor = 1;
        -:12495:    }
        -:12496:  else
    #####:12497:    preg->newline_anchor = 0;
        -:12498:
    #####:12499:  preg->no_sub = !!(cflags & REG_NOSUB);
        -:12500:
        -:12501:  /* POSIX says a null character in the pattern terminates it, so we
        -:12502:     can use strlen here in compiling the pattern.  */
    #####:12503:  ret = regex_compile (pattern, strlen (pattern), syntax, preg);
        -:12504:
        -:12505:  /* POSIX doesn't distinguish between an unmatched open-group and an
        -:12506:     unmatched close-group: both are REG_EPAREN.  */
    #####:12507:  if (ret == REG_ERPAREN) ret = REG_EPAREN;
        -:12508:
    #####:12509:  return (int) ret;
        -:12510:}
        -:12511:
        -:12512:
        -:12513:/* regexec searches for a given pattern, specified by PREG, in the
        -:12514:   string STRING.
        -:12515:
        -:12516:   If NMATCH is zero or REG_NOSUB was set in the cflags argument to
        -:12517:   `regcomp', we ignore PMATCH.  Otherwise, we assume PMATCH has at
        -:12518:   least NMATCH elements, and we set them to the offsets of the
        -:12519:   corresponding matched substrings.
        -:12520:
        -:12521:   EFLAGS specifies `execution flags' which affect matching: if
        -:12522:   REG_NOTBOL is set, then ^ does not match at the beginning of the
        -:12523:   string; if REG_NOTEOL is set, then $ does not match at the end.
        -:12524:
        -:12525:   We return 0 if we find a match and REG_NOMATCH if not.  */
        -:12526:
        -:12527:int
    #####:12528:regexec (preg, string, nmatch, pmatch, eflags)
        -:12529:    const regex_t *preg;
        -:12530:    const char *string;
        -:12531:    size_t nmatch;
        -:12532:    regmatch_t pmatch[];
        -:12533:    int eflags;
        -:12534:{
        -:12535:  int ret;
        -:12536:  struct re_registers regs;
        -:12537:  regex_t private_preg;
    #####:12538:  int len = strlen (string);
    #####:12539:  boolean want_reg_info = !preg->no_sub && nmatch > 0;
        -:12540:
    #####:12541:  private_preg = *preg;
        -:12542:
    #####:12543:  private_preg.not_bol = !!(eflags & REG_NOTBOL);
    #####:12544:  private_preg.not_eol = !!(eflags & REG_NOTEOL);
        -:12545:
        -:12546:  /* The user has told us exactly how many registers to return
        -:12547:     information about, via `nmatch'.  We have to pass that on to the
        -:12548:     matching routines.  */
    #####:12549:  private_preg.regs_allocated = REGS_FIXED;
        -:12550:
    #####:12551:  if (want_reg_info)
        -:12552:    {
    #####:12553:      regs.num_regs = nmatch;
    #####:12554:      regs.start = TALLOC (nmatch, regoff_t);
    #####:12555:      regs.end = TALLOC (nmatch, regoff_t);
    #####:12556:      if (regs.start == NULL || regs.end == NULL)
    #####:12557:        return (int) REG_NOMATCH;
        -:12558:    }
        -:12559:
        -:12560:  /* Perform the searching operation.  */
    #####:12561:  ret = re_search (&private_preg, string, len,
        -:12562:                   /* start: */ 0, /* range: */ len,
        -:12563:                   want_reg_info ? &regs : (struct re_registers *) 0);
        -:12564:
        -:12565:  /* Copy the register information to the POSIX structure.  */
    #####:12566:  if (want_reg_info)
        -:12567:    {
    #####:12568:      if (ret >= 0)
        -:12569:        {
        -:12570:          unsigned r;
        -:12571:
    #####:12572:          for (r = 0; r < nmatch; r++)
        -:12573:            {
    #####:12574:              pmatch[r].rm_so = regs.start[r];
    #####:12575:              pmatch[r].rm_eo = regs.end[r];
        -:12576:            }
        -:12577:        }
        -:12578:
        -:12579:      /* If we needed the temporary register info, free the space now.  */
    #####:12580:      free (regs.start);
    #####:12581:      free (regs.end);
        -:12582:    }
        -:12583:
        -:12584:  /* We want zero return to mean success, unlike `re_search'.  */
    #####:12585:  return ret >= 0 ? (int) REG_NOERROR : (int) REG_NOMATCH;
        -:12586:}
        -:12587:
        -:12588:
        -:12589:/* Returns a message corresponding to an error code, ERRCODE, returned
        -:12590:   from either regcomp or regexec.   We don't use PREG here.  */
        -:12591:
        -:12592:size_t
    #####:12593:regerror (errcode, preg, errbuf, errbuf_size)
        -:12594:    int errcode;
        -:12595:    const regex_t *preg;
        -:12596:    char *errbuf;
        -:12597:    size_t errbuf_size;
        -:12598:{
        -:12599:  const char *msg;
        -:12600:  size_t msg_size;
        -:12601:
    #####:12602:  if (errcode < 0
    #####:12603:      || errcode >= (int) (sizeof (re_error_msgid)
        -:12604:			   / sizeof (re_error_msgid[0])))
        -:12605:    /* Only error codes returned by the rest of the code should be passed
        -:12606:       to this routine.  If we are given anything else, or if other regex
        -:12607:       code generates an invalid error code, then the program has a bug.
        -:12608:       Dump core so we can fix it.  */
    #####:12609:    abort ();
        -:12610:
    #####:12611:  msg = gettext (re_error_msgid[errcode]);
        -:12612:
    #####:12613:  msg_size = strlen (msg) + 1; /* Includes the null.  */
        -:12614:
    #####:12615:  if (errbuf_size != 0)
        -:12616:    {
    #####:12617:      if (msg_size > errbuf_size)
        -:12618:        {
    #####:12619:          strncpy (errbuf, msg, errbuf_size - 1);
    #####:12620:          errbuf[errbuf_size - 1] = 0;
        -:12621:        }
        -:12622:      else
    #####:12623:        strcpy (errbuf, msg);
        -:12624:    }
        -:12625:
    #####:12626:  return msg_size;
        -:12627:}
        -:12628:
        -:12629:
        -:12630:/* Free dynamically allocated space used by PREG.  */
        -:12631:
        -:12632:void
    #####:12633:regfree (preg)
        -:12634:    regex_t *preg;
        -:12635:{
    #####:12636:  if (preg->buffer != NULL)
    #####:12637:    free (preg->buffer);
    #####:12638:  preg->buffer = NULL;
        -:12639:
    #####:12640:  preg->allocated = 0;
    #####:12641:  preg->used = 0;
        -:12642:
    #####:12643:  if (preg->fastmap != NULL)
    #####:12644:    free (preg->fastmap);
    #####:12645:  preg->fastmap = NULL;
    #####:12646:  preg->fastmap_accurate = 0;
        -:12647:
    #####:12648:  if (preg->translate != NULL)
    #####:12649:    free (preg->translate);
    #####:12650:  preg->translate = NULL;
    #####:12651:}
        -:12652:
        -:12653:#endif /* not emacs  */
